Sun Jan 09 12:26:22 Saved as file G:\NOT COMPLETED\FYP++\SRC\LIB\UL_BAS516\BAS516115.LLB
Sun Jan 09 12:26:32 Loaded file G:\NOT COMPLETED\FYP++\SRC\LIB\UL_BAS516\BAS516115.LLB
Sun Jan 09 12:26:34 Loaded file D:\ORCAD9P2\LAYOUT_PLUS\data\template.imp
Sun Jan 09 12:26:35 Loaded file G:\NOT COMPLETED\FYP++\SRC\LIB\UL_BAS516\BAS516115.LLB
Sun Jan 09 12:26:35 Loaded file G:\NOT COMPLETED\FYP++\SRC\LIB\UL_SRR1260-150M\INDUCTOR_12MM.LLB
Sun Jan 09 12:26:35 Loaded file G:\NOT COMPLETED\FYP++\SRC\LIB\UL_ASDMB-25-000MHZ-LC-T\ASDMB-25.000MHZ-LC-T.LLB
Sun Jan 09 12:26:35 Loaded file G:\NOT COMPLETED\FYP++\SRC\LIB\UL_20-000MHZ-HC49-4H-30\XTAL_THT_16MHZ.LLB
Sun Jan 09 12:26:35 Loaded file G:\NOT COMPLETED\FYP++\SRC\LIB\UL_20-000MHZ-HC49-4H-30\XTAL_THT.MAX
Sun Jan 09 12:26:35 Loaded file D:\ORCAD9P2\LAYOUT_PLUS\library\BCON100T.llb
Sun Jan 09 12:26:35 Loaded file D:\ORCAD9P2\LAYOUT_PLUS\library\BCON156T.llb
Sun Jan 09 12:26:35 Loaded file D:\ORCAD9P2\LAYOUT_PLUS\library\BGA.llb
Sun Jan 09 12:26:35 Loaded file D:\ORCAD9P2\LAYOUT_PLUS\library\CLCC.llb
Sun Jan 09 12:26:35 Loaded file D:\ORCAD9P2\LAYOUT_PLUS\library\DCON050T.llb
Sun Jan 09 12:26:35 Loaded file D:\ORCAD9P2\LAYOUT_PLUS\library\DCON085T.llb
Sun Jan 09 12:26:35 Loaded file D:\ORCAD9P2\LAYOUT_PLUS\library\DIMM050F.llb
Sun Jan 09 12:26:35 Loaded file D:\ORCAD9P2\LAYOUT_PLUS\library\DIMM050T.llb
Sun Jan 09 12:26:35 Loaded file D:\ORCAD9P2\LAYOUT_PLUS\library\DIN.llb
Sun Jan 09 12:26:35 Loaded file D:\ORCAD9P2\LAYOUT_PLUS\library\DIP100B.llb
Sun Jan 09 12:26:35 Loaded file D:\ORCAD9P2\LAYOUT_PLUS\library\DIP100T.llb
Sun Jan 09 12:26:35 Loaded file D:\ORCAD9P2\LAYOUT_PLUS\library\DSUBT.llb
Sun Jan 09 12:26:35 Loaded file D:\ORCAD9P2\LAYOUT_PLUS\library\DSUBT_HD.LLB
Sun Jan 09 12:26:35 Loaded file D:\ORCAD9P2\LAYOUT_PLUS\library\ECON100T.llb
Sun Jan 09 12:26:35 Loaded file D:\ORCAD9P2\LAYOUT_PLUS\library\FBUS.llb
Sun Jan 09 12:26:35 Loaded file D:\ORCAD9P2\LAYOUT_PLUS\library\ISA.llb
Sun Jan 09 12:26:35 Loaded file D:\ORCAD9P2\LAYOUT_PLUS\library\JUMPER.LLB
Sun Jan 09 12:26:35 Loaded file D:\ORCAD9P2\LAYOUT_PLUS\library\LAYOUT.llb
Sun Jan 09 12:26:35 Loaded file D:\ORCAD9P2\LAYOUT_PLUS\library\LCON100T.llb
Sun Jan 09 12:26:35 Loaded file D:\ORCAD9P2\LAYOUT_PLUS\library\PC104.llb
Sun Jan 09 12:26:35 Loaded file D:\ORCAD9P2\LAYOUT_PLUS\library\PCI.llb
Sun Jan 09 12:26:35 Loaded file D:\ORCAD9P2\LAYOUT_PLUS\library\PCON100T.llb
Sun Jan 09 12:26:35 Loaded file D:\ORCAD9P2\LAYOUT_PLUS\library\PCON156T.llb
Sun Jan 09 12:26:35 Loaded file D:\ORCAD9P2\LAYOUT_PLUS\library\PGA.llb
Sun Jan 09 12:26:35 Loaded file D:\ORCAD9P2\LAYOUT_PLUS\library\PLCC.llb
Sun Jan 09 12:26:35 Loaded file D:\ORCAD9P2\LAYOUT_PLUS\library\QUAD.llb
Sun Jan 09 12:26:35 Loaded file D:\ORCAD9P2\LAYOUT_PLUS\library\QUADB.llb
Sun Jan 09 12:26:35 Loaded file D:\ORCAD9P2\LAYOUT_PLUS\library\RELAY.llb
Sun Jan 09 12:26:35 Loaded file D:\ORCAD9P2\LAYOUT_PLUS\library\RF.llb
Sun Jan 09 12:26:35 Loaded file D:\ORCAD9P2\LAYOUT_PLUS\library\SBUS.llb
Sun Jan 09 12:26:35 Loaded file D:\ORCAD9P2\LAYOUT_PLUS\library\SIMM050F.llb
Sun Jan 09 12:26:35 Loaded file D:\ORCAD9P2\LAYOUT_PLUS\library\SIMM050T.llb
Sun Jan 09 12:26:35 Loaded file D:\ORCAD9P2\LAYOUT_PLUS\library\SIMM100F.llb
Sun Jan 09 12:26:35 Loaded file D:\ORCAD9P2\LAYOUT_PLUS\library\SIMM100T.llb
Sun Jan 09 12:26:35 Loaded file D:\ORCAD9P2\LAYOUT_PLUS\library\SIP.llb
Sun Jan 09 12:26:35 Loaded file D:\ORCAD9P2\LAYOUT_PLUS\library\SM.llb
Sun Jan 09 12:26:35 Loaded file D:\ORCAD9P2\LAYOUT_PLUS\library\SOG.llb
Sun Jan 09 12:26:35 Loaded file D:\ORCAD9P2\LAYOUT_PLUS\library\SOJ.llb
Sun Jan 09 12:26:35 Loaded file D:\ORCAD9P2\LAYOUT_PLUS\library\STIFF.llb
Sun Jan 09 12:26:35 Loaded file D:\ORCAD9P2\LAYOUT_PLUS\library\TELE.llb
Sun Jan 09 12:26:35 Loaded file D:\ORCAD9P2\LAYOUT_PLUS\library\TM_AXIAL.llb
Sun Jan 09 12:26:35 Loaded file D:\ORCAD9P2\LAYOUT_PLUS\library\TM_CAP_P.llb
Sun Jan 09 12:26:35 Loaded file D:\ORCAD9P2\LAYOUT_PLUS\library\TM_CYLND.llb
Sun Jan 09 12:26:35 Loaded file D:\ORCAD9P2\LAYOUT_PLUS\library\TM_DIODE.llb
Sun Jan 09 12:26:35 Loaded file D:\ORCAD9P2\LAYOUT_PLUS\library\TM_DISC.llb
Sun Jan 09 12:26:35 Loaded file D:\ORCAD9P2\LAYOUT_PLUS\library\TM_RAD.llb
Sun Jan 09 12:26:35 Loaded file D:\ORCAD9P2\LAYOUT_PLUS\library\TO.llb
Sun Jan 09 12:26:35 Loaded file D:\ORCAD9P2\LAYOUT_PLUS\library\TRAINING.LLB
Sun Jan 09 12:26:35 Loaded file D:\ORCAD9P2\LAYOUT_PLUS\library\VRES.llb
Sun Jan 09 12:26:35 Loaded file D:\ORCAD9P2\LAYOUT_PLUS\library\WCON100T.llb
Sun Jan 09 12:26:35 Loaded file D:\ORCAD9P2\LAYOUT_PLUS\library\XT.llb
Sun Jan 09 12:26:35 Loaded file D:\ORCAD9P2\LAYOUT_PLUS\library\ZIGZAG.llb
Sun Jan 09 12:26:35 Loaded file G:\NOT COMPLETED\FYP++\SRC\LIB\UL_BAS516\BAS516115.LLB
Sun Jan 09 12:26:35 Footprint coords will be rounded to nearest base unit.
Sun Jan 09 12:26:35 Footprint coords will be rounded to nearest base unit.
Sun Jan 09 12:26:35 Footprint coords will be rounded to nearest base unit.
Sun Jan 09 12:26:35 Footprint coords will be rounded to nearest base unit.
Sun Jan 09 12:26:35 Footprint coords will be rounded to nearest base unit.
Sun Jan 09 12:26:35 Footprint coords will be rounded to nearest base unit.
Sun Jan 09 12:26:35 Footprint coords will be rounded to nearest base unit.
Sun Jan 09 12:26:35 Footprint coords will be rounded to nearest base unit.
Sun Jan 09 12:26:35 Footprint coords will be rounded to nearest base unit.
Sun Jan 09 12:26:35 Footprint coords will be rounded to nearest base unit.
Sun Jan 09 12:26:35 Footprint coords will be rounded to nearest base unit.
Sun Jan 09 12:26:35 Footprint coords will be rounded to nearest base unit.
Sun Jan 09 12:26:35 Footprint coords will be rounded to nearest base unit.
Sun Jan 09 12:26:35 Footprint coords will be rounded to nearest base unit.
Sun Jan 09 12:26:35 Footprint coords will be rounded to nearest base unit.
Sun Jan 09 12:26:35 Footprint coords will be rounded to nearest base unit.
Sun Jan 09 12:26:35 Footprint coords will be rounded to nearest base unit.
Sun Jan 09 12:26:35 Footprint coords will be rounded to nearest base unit.
Sun Jan 09 12:26:35 Footprint coords will be rounded to nearest base unit.
Sun Jan 09 12:26:35 Footprint coords will be rounded to nearest base unit.
Sun Jan 09 12:26:35 Footprint coords will be rounded to nearest base unit.
Sun Jan 09 12:26:35 Footprint coords will be rounded to nearest base unit.
Sun Jan 09 12:26:35 Footprint coords will be rounded to nearest base unit.
Sun Jan 09 12:26:35 Footprint coords will be rounded to nearest base unit.
Sun Jan 09 12:26:35 Footprint coords will be rounded to nearest base unit.
Sun Jan 09 12:26:35 Footprint coords will be rounded to nearest base unit.
Sun Jan 09 12:26:35 Footprint coords will be rounded to nearest base unit.
Sun Jan 09 12:26:35 Footprint coords will be rounded to nearest base unit.
Sun Jan 09 12:26:35 Footprint coords will be rounded to nearest base unit.
Sun Jan 09 12:26:35 Footprint coords will be rounded to nearest base unit.
Sun Jan 09 12:26:35 Footprint coords will be rounded to nearest base unit.
Sun Jan 09 12:26:35 Footprint coords will be rounded to nearest base unit.
Sun Jan 09 12:26:35 Footprint coords will be rounded to nearest base unit.
Sun Jan 09 12:26:35 Footprint coords will be rounded to nearest base unit.
Sun Jan 09 12:26:35 Footprint coords will be rounded to nearest base unit.
Sun Jan 09 12:26:35 Footprint coords will be rounded to nearest base unit.
Sun Jan 09 12:26:35 Footprint coords will be rounded to nearest base unit.
Sun Jan 09 12:26:35 Footprint coords will be rounded to nearest base unit.
Sun Jan 09 12:26:35 Footprint coords will be rounded to nearest base unit.
Sun Jan 09 12:26:35 Footprint coords will be rounded to nearest base unit.
Sun Jan 09 12:26:35 Footprint coords will be rounded to nearest base unit.
Sun Jan 09 12:26:35 Footprint coords will be rounded to nearest base unit.
Sun Jan 09 12:26:35 Footprint coords will be rounded to nearest base unit.
Sun Jan 09 12:26:35 Footprint coords will be rounded to nearest base unit.
Sun Jan 09 12:26:35 Footprint coords will be rounded to nearest base unit.
Sun Jan 09 12:26:35 Footprint coords will be rounded to nearest base unit.
Sun Jan 09 12:26:35 Footprint coords will be rounded to nearest base unit.
Sun Jan 09 12:26:35 Footprint coords will be rounded to nearest base unit.
Sun Jan 09 12:27:41 Loaded file D:\ORCAD9P2\LAYOUT_PLUS\data\template.imp
Sun Jan 09 12:27:41 Loaded file D:\ORCAD9P2\LAYOUT_PLUS\data\template.imp
Sun Jan 09 12:27:49 Loaded file D:\ORCAD9P2\LAYOUT_PLUS\library\SM.llb
Sun Jan 09 12:27:52 Loaded file D:\ORCAD9P2\LAYOUT_PLUS\data\template.imp
Sun Jan 09 12:27:59 Loaded file D:\ORCAD9P2\LAYOUT_PLUS\data\template.imp
Sun Jan 09 12:28:01 Loaded file D:\ORCAD9P2\LAYOUT_PLUS\data\template.imp
Sun Jan 09 12:28:09 Loaded file D:\ORCAD9P2\LAYOUT_PLUS\data\template.imp
Sun Jan 09 12:28:12 Loaded file D:\ORCAD9P2\LAYOUT_PLUS\data\template.imp
Sun Jan 09 12:28:14 Loaded file D:\ORCAD9P2\LAYOUT_PLUS\data\template.imp
Sun Jan 09 12:28:16 Loaded file D:\ORCAD9P2\LAYOUT_PLUS\library\SM.llb
Sun Jan 09 12:28:16 Footprint coords will be rounded to nearest base unit.
Sun Jan 09 12:28:16 Footprint coords will be rounded to nearest base unit.
Sun Jan 09 12:28:16 Footprint coords will be rounded to nearest base unit.
Sun Jan 09 12:28:16 Footprint coords will be rounded to nearest base unit.
Sun Jan 09 12:28:16 Footprint coords will be rounded to nearest base unit.
Sun Jan 09 12:28:16 Footprint coords will be rounded to nearest base unit.
Sun Jan 09 12:28:16 Footprint coords will be rounded to nearest base unit.
Sun Jan 09 12:28:16 Footprint coords will be rounded to nearest base unit.
Sun Jan 09 12:28:16 Footprint coords will be rounded to nearest base unit.
Sun Jan 09 12:28:16 Footprint coords will be rounded to nearest base unit.
Sun Jan 09 12:28:16 Footprint coords will be rounded to nearest base unit.
Sun Jan 09 12:29:44 Loaded file D:\ORCAD9P2\LAYOUT_PLUS\data\template.imp
Sun Jan 09 12:29:44 Loaded file D:\ORCAD9P2\LAYOUT_PLUS\data\template.imp
Sun Jan 09 12:29:46 Loaded file G:\NOT COMPLETED\FYP++\SRC\LIB\UL_BAS516\BAS516115.LLB
Sun Jan 09 12:29:47 Loaded file D:\ORCAD9P2\LAYOUT_PLUS\data\template.imp
