Mon Feb 22 09:51:23 Saved as file BACKUP1.MAX
Mon Feb 22 09:57:30 Saved as file ~undo.max
Mon Feb 22 10:01:58 Saved as file ~undo.max
Mon Feb 22 10:02:23 Saved as file BACKUP1.MAX
Mon Feb 22 10:09:27 Loaded file C:\Program Files\Orcad\Layout_Plus\data\template.imp
Mon Feb 22 10:09:27 Loaded file C:\Program Files\Orcad\Layout_Plus\data\template.imp
Mon Feb 22 10:10:25 Loaded file C:\PROGRAM FILES\ORCAD\LAYOUT_PLUS\library\LAYOUT.llb
Mon Feb 22 10:10:28 Loaded file C:\Program Files\Orcad\Layout_Plus\data\template.imp
Mon Feb 22 10:10:56 Loaded file C:\PROGRAM FILES\ORCAD\LAYOUT_PLUS\library\LAYOUT.llb
Mon Feb 22 10:10:56 Saved as file C:\PROGRAM FILES\ORCAD\LAYOUT_PLUS\library\LAYOUT.llb
Mon Feb 22 10:11:46 Saved as file ~undo.max
Mon Feb 22 10:11:50 Loaded file C:\Program Files\Orcad\Layout_Plus\data\template.imp
Mon Feb 22 10:11:50 Loaded file C:\Program Files\Orcad\Layout_Plus\data\template.imp
Mon Feb 22 10:12:04 Loaded file C:\PROGRAM FILES\ORCAD\LAYOUT_PLUS\library\LAYOUT.llb
Mon Feb 22 10:12:07 Loaded file C:\Program Files\Orcad\Layout_Plus\data\template.imp
Mon Feb 22 10:12:10 Footprint coords will be rounded to nearest base unit.
Mon Feb 22 10:12:10 Footprint coords will be rounded to nearest base unit.
Mon Feb 22 10:12:10 Footprint coords will be rounded to nearest base unit.
Mon Feb 22 10:12:10 Footprint coords will be rounded to nearest base unit.
Mon Feb 22 10:12:10 Footprint coords will be rounded to nearest base unit.
Mon Feb 22 10:12:10 Footprint coords will be rounded to nearest base unit.
Mon Feb 22 10:12:10 Footprint coords will be rounded to nearest base unit.
Mon Feb 22 10:12:10 Footprint coords will be rounded to nearest base unit.
Mon Feb 22 10:12:10 Footprint coords will be rounded to nearest base unit.
Mon Feb 22 10:12:10 Footprint coords will be rounded to nearest base unit.
Mon Feb 22 10:12:10 Footprint coords will be rounded to nearest base unit.
Mon Feb 22 10:12:10 Footprint coords will be rounded to nearest base unit.
Mon Feb 22 10:12:10 Footprint coords will be rounded to nearest base unit.
Mon Feb 22 10:12:34 Loaded file C:\Program Files\Orcad\Layout_Plus\data\template.imp
Mon Feb 22 10:12:34 Loaded file C:\Program Files\Orcad\Layout_Plus\data\template.imp
Mon Feb 22 10:12:38 Loaded file C:\PROGRAM FILES\ORCAD\LAYOUT_PLUS\library\LAYOUT.llb
Mon Feb 22 10:12:41 Loaded file C:\Program Files\Orcad\Layout_Plus\data\template.imp
Mon Feb 22 10:12:43 Footprint coords will be rounded to nearest base unit.
Mon Feb 22 10:12:43 Footprint coords will be rounded to nearest base unit.
Mon Feb 22 10:12:43 Footprint coords will be rounded to nearest base unit.
Mon Feb 22 10:12:43 Footprint coords will be rounded to nearest base unit.
Mon Feb 22 10:12:43 Footprint coords will be rounded to nearest base unit.
Mon Feb 22 10:12:43 Footprint coords will be rounded to nearest base unit.
Mon Feb 22 10:12:43 Footprint coords will be rounded to nearest base unit.
Mon Feb 22 10:12:43 Footprint coords will be rounded to nearest base unit.
Mon Feb 22 10:12:43 Footprint coords will be rounded to nearest base unit.
Mon Feb 22 10:12:43 Footprint coords will be rounded to nearest base unit.
Mon Feb 22 10:12:43 Footprint coords will be rounded to nearest base unit.
Mon Feb 22 10:12:43 Footprint coords will be rounded to nearest base unit.
Mon Feb 22 10:12:43 Footprint coords will be rounded to nearest base unit.
Mon Feb 22 10:12:53 Loaded file C:\Program Files\Orcad\Layout_Plus\data\template.imp
Mon Feb 22 10:12:53 Loaded file C:\Program Files\Orcad\Layout_Plus\data\template.imp
Mon Feb 22 10:13:03 Footprint coords will be rounded to nearest base unit.
Mon Feb 22 10:13:03 Footprint coords will be rounded to nearest base unit.
Mon Feb 22 10:13:03 Footprint coords will be rounded to nearest base unit.
Mon Feb 22 10:13:03 Footprint coords will be rounded to nearest base unit.
Mon Feb 22 10:13:03 Footprint coords will be rounded to nearest base unit.
Mon Feb 22 10:13:03 Footprint coords will be rounded to nearest base unit.
Mon Feb 22 10:13:03 Footprint coords will be rounded to nearest base unit.
Mon Feb 22 10:13:03 Footprint coords will be rounded to nearest base unit.
Mon Feb 22 10:13:03 Footprint coords will be rounded to nearest base unit.
Mon Feb 22 10:13:03 Footprint coords will be rounded to nearest base unit.
Mon Feb 22 10:13:03 Footprint coords will be rounded to nearest base unit.
Mon Feb 22 10:13:03 Footprint coords will be rounded to nearest base unit.
Mon Feb 22 10:13:03 Footprint coords will be rounded to nearest base unit.
Mon Feb 22 10:13:03 Loaded file C:\Program Files\Orcad\Layout_Plus\data\template.imp
Mon Feb 22 10:13:05 Footprint coords will be rounded to nearest base unit.
Mon Feb 22 10:13:05 Footprint coords will be rounded to nearest base unit.
Mon Feb 22 10:13:05 Footprint coords will be rounded to nearest base unit.
Mon Feb 22 10:13:05 Footprint coords will be rounded to nearest base unit.
Mon Feb 22 10:13:05 Footprint coords will be rounded to nearest base unit.
Mon Feb 22 10:13:05 Footprint coords will be rounded to nearest base unit.
Mon Feb 22 10:13:05 Footprint coords will be rounded to nearest base unit.
Mon Feb 22 10:13:05 Footprint coords will be rounded to nearest base unit.
Mon Feb 22 10:13:05 Footprint coords will be rounded to nearest base unit.
Mon Feb 22 10:13:05 Footprint coords will be rounded to nearest base unit.
Mon Feb 22 10:13:05 Footprint coords will be rounded to nearest base unit.
Mon Feb 22 10:13:05 Footprint coords will be rounded to nearest base unit.
Mon Feb 22 10:13:05 Footprint coords will be rounded to nearest base unit.
Mon Feb 22 10:13:05 Loaded file C:\Program Files\Orcad\Layout_Plus\data\template.imp
Mon Feb 22 10:13:06 Footprint coords will be rounded to nearest base unit.
Mon Feb 22 10:13:06 Footprint coords will be rounded to nearest base unit.
Mon Feb 22 10:13:06 Footprint coords will be rounded to nearest base unit.
Mon Feb 22 10:13:06 Footprint coords will be rounded to nearest base unit.
Mon Feb 22 10:13:06 Footprint coords will be rounded to nearest base unit.
Mon Feb 22 10:13:06 Footprint coords will be rounded to nearest base unit.
Mon Feb 22 10:13:06 Footprint coords will be rounded to nearest base unit.
Mon Feb 22 10:13:06 Footprint coords will be rounded to nearest base unit.
Mon Feb 22 10:13:06 Footprint coords will be rounded to nearest base unit.
Mon Feb 22 10:13:06 Footprint coords will be rounded to nearest base unit.
Mon Feb 22 10:13:06 Footprint coords will be rounded to nearest base unit.
Mon Feb 22 10:13:06 Footprint coords will be rounded to nearest base unit.
Mon Feb 22 10:13:06 Footprint coords will be rounded to nearest base unit.
Mon Feb 22 10:13:06 Loaded file C:\Program Files\Orcad\Layout_Plus\data\template.imp
Mon Feb 22 10:13:07 Footprint coords will be rounded to nearest base unit.
Mon Feb 22 10:13:07 Footprint coords will be rounded to nearest base unit.
Mon Feb 22 10:13:07 Footprint coords will be rounded to nearest base unit.
Mon Feb 22 10:13:07 Footprint coords will be rounded to nearest base unit.
Mon Feb 22 10:13:07 Footprint coords will be rounded to nearest base unit.
Mon Feb 22 10:13:07 Footprint coords will be rounded to nearest base unit.
Mon Feb 22 10:13:07 Footprint coords will be rounded to nearest base unit.
Mon Feb 22 10:13:07 Footprint coords will be rounded to nearest base unit.
Mon Feb 22 10:13:07 Footprint coords will be rounded to nearest base unit.
Mon Feb 22 10:13:07 Footprint coords will be rounded to nearest base unit.
Mon Feb 22 10:13:07 Footprint coords will be rounded to nearest base unit.
Mon Feb 22 10:13:07 Footprint coords will be rounded to nearest base unit.
Mon Feb 22 10:13:07 Footprint coords will be rounded to nearest base unit.
Mon Feb 22 10:13:07 Loaded file C:\Program Files\Orcad\Layout_Plus\data\template.imp
Mon Feb 22 10:13:09 Footprint coords will be rounded to nearest base unit.
Mon Feb 22 10:13:09 Footprint coords will be rounded to nearest base unit.
Mon Feb 22 10:13:09 Footprint coords will be rounded to nearest base unit.
Mon Feb 22 10:13:09 Footprint coords will be rounded to nearest base unit.
Mon Feb 22 10:13:09 Footprint coords will be rounded to nearest base unit.
Mon Feb 22 10:13:09 Footprint coords will be rounded to nearest base unit.
Mon Feb 22 10:13:09 Footprint coords will be rounded to nearest base unit.
Mon Feb 22 10:13:09 Footprint coords will be rounded to nearest base unit.
Mon Feb 22 10:13:09 Footprint coords will be rounded to nearest base unit.
Mon Feb 22 10:13:09 Footprint coords will be rounded to nearest base unit.
Mon Feb 22 10:13:09 Footprint coords will be rounded to nearest base unit.
Mon Feb 22 10:13:09 Footprint coords will be rounded to nearest base unit.
Mon Feb 22 10:13:09 Footprint coords will be rounded to nearest base unit.
Mon Feb 22 10:13:09 Loaded file C:\Program Files\Orcad\Layout_Plus\data\template.imp
Mon Feb 22 10:13:10 Footprint coords will be rounded to nearest base unit.
Mon Feb 22 10:13:10 Footprint coords will be rounded to nearest base unit.
Mon Feb 22 10:13:10 Footprint coords will be rounded to nearest base unit.
Mon Feb 22 10:13:10 Footprint coords will be rounded to nearest base unit.
Mon Feb 22 10:13:10 Footprint coords will be rounded to nearest base unit.
Mon Feb 22 10:13:10 Footprint coords will be rounded to nearest base unit.
Mon Feb 22 10:13:10 Footprint coords will be rounded to nearest base unit.
Mon Feb 22 10:13:10 Footprint coords will be rounded to nearest base unit.
Mon Feb 22 10:13:10 Footprint coords will be rounded to nearest base unit.
Mon Feb 22 10:13:10 Footprint coords will be rounded to nearest base unit.
Mon Feb 22 10:13:10 Footprint coords will be rounded to nearest base unit.
Mon Feb 22 10:13:10 Footprint coords will be rounded to nearest base unit.
Mon Feb 22 10:13:10 Footprint coords will be rounded to nearest base unit.
Mon Feb 22 10:13:10 Loaded file C:\Program Files\Orcad\Layout_Plus\data\template.imp
Mon Feb 22 10:13:12 Footprint coords will be rounded to nearest base unit.
Mon Feb 22 10:13:12 Footprint coords will be rounded to nearest base unit.
Mon Feb 22 10:13:12 Footprint coords will be rounded to nearest base unit.
Mon Feb 22 10:13:12 Footprint coords will be rounded to nearest base unit.
Mon Feb 22 10:13:12 Footprint coords will be rounded to nearest base unit.
Mon Feb 22 10:13:12 Footprint coords will be rounded to nearest base unit.
Mon Feb 22 10:13:12 Footprint coords will be rounded to nearest base unit.
Mon Feb 22 10:13:12 Footprint coords will be rounded to nearest base unit.
Mon Feb 22 10:13:12 Footprint coords will be rounded to nearest base unit.
Mon Feb 22 10:13:12 Footprint coords will be rounded to nearest base unit.
Mon Feb 22 10:13:12 Footprint coords will be rounded to nearest base unit.
Mon Feb 22 10:13:12 Footprint coords will be rounded to nearest base unit.
Mon Feb 22 10:13:12 Footprint coords will be rounded to nearest base unit.
Mon Feb 22 10:13:12 Loaded file C:\Program Files\Orcad\Layout_Plus\data\template.imp
Mon Feb 22 10:13:13 Footprint coords will be rounded to nearest base unit.
Mon Feb 22 10:13:13 Footprint coords will be rounded to nearest base unit.
Mon Feb 22 10:13:13 Footprint coords will be rounded to nearest base unit.
Mon Feb 22 10:13:13 Footprint coords will be rounded to nearest base unit.
Mon Feb 22 10:13:13 Footprint coords will be rounded to nearest base unit.
Mon Feb 22 10:13:13 Footprint coords will be rounded to nearest base unit.
Mon Feb 22 10:13:13 Footprint coords will be rounded to nearest base unit.
Mon Feb 22 10:13:13 Footprint coords will be rounded to nearest base unit.
Mon Feb 22 10:13:13 Footprint coords will be rounded to nearest base unit.
Mon Feb 22 10:13:13 Footprint coords will be rounded to nearest base unit.
Mon Feb 22 10:13:13 Footprint coords will be rounded to nearest base unit.
Mon Feb 22 10:13:13 Footprint coords will be rounded to nearest base unit.
Mon Feb 22 10:13:13 Footprint coords will be rounded to nearest base unit.
Mon Feb 22 10:13:13 Loaded file C:\Program Files\Orcad\Layout_Plus\data\template.imp
Mon Feb 22 10:13:14 Footprint coords will be rounded to nearest base unit.
Mon Feb 22 10:13:14 Footprint coords will be rounded to nearest base unit.
Mon Feb 22 10:13:14 Footprint coords will be rounded to nearest base unit.
Mon Feb 22 10:13:14 Footprint coords will be rounded to nearest base unit.
Mon Feb 22 10:13:14 Footprint coords will be rounded to nearest base unit.
Mon Feb 22 10:13:14 Footprint coords will be rounded to nearest base unit.
Mon Feb 22 10:13:14 Footprint coords will be rounded to nearest base unit.
Mon Feb 22 10:13:14 Footprint coords will be rounded to nearest base unit.
Mon Feb 22 10:13:14 Footprint coords will be rounded to nearest base unit.
Mon Feb 22 10:13:14 Footprint coords will be rounded to nearest base unit.
Mon Feb 22 10:13:14 Footprint coords will be rounded to nearest base unit.
Mon Feb 22 10:13:14 Footprint coords will be rounded to nearest base unit.
Mon Feb 22 10:13:14 Footprint coords will be rounded to nearest base unit.
Mon Feb 22 10:13:14 Loaded file C:\Program Files\Orcad\Layout_Plus\data\template.imp
Mon Feb 22 10:13:14 Footprint coords will be rounded to nearest base unit.
Mon Feb 22 10:13:14 Footprint coords will be rounded to nearest base unit.
Mon Feb 22 10:13:14 Footprint coords will be rounded to nearest base unit.
Mon Feb 22 10:13:14 Footprint coords will be rounded to nearest base unit.
Mon Feb 22 10:13:14 Footprint coords will be rounded to nearest base unit.
Mon Feb 22 10:13:14 Footprint coords will be rounded to nearest base unit.
Mon Feb 22 10:13:14 Footprint coords will be rounded to nearest base unit.
Mon Feb 22 10:13:14 Footprint coords will be rounded to nearest base unit.
Mon Feb 22 10:13:14 Footprint coords will be rounded to nearest base unit.
Mon Feb 22 10:13:14 Footprint coords will be rounded to nearest base unit.
Mon Feb 22 10:13:14 Footprint coords will be rounded to nearest base unit.
Mon Feb 22 10:13:14 Footprint coords will be rounded to nearest base unit.
Mon Feb 22 10:13:14 Footprint coords will be rounded to nearest base unit.
Mon Feb 22 10:13:14 Loaded file C:\Program Files\Orcad\Layout_Plus\data\template.imp
Mon Feb 22 10:13:23 Saved as file BACKUP1.MAX
Mon Feb 22 10:13:28 Loaded file C:\Program Files\Orcad\Layout_Plus\data\template.imp
Mon Feb 22 10:13:28 Loaded file C:\Program Files\Orcad\Layout_Plus\data\template.imp
Mon Feb 22 10:13:35 Footprint coords will be rounded to nearest base unit.
Mon Feb 22 10:13:35 Footprint coords will be rounded to nearest base unit.
Mon Feb 22 10:13:35 Footprint coords will be rounded to nearest base unit.
Mon Feb 22 10:13:35 Footprint coords will be rounded to nearest base unit.
Mon Feb 22 10:13:35 Footprint coords will be rounded to nearest base unit.
Mon Feb 22 10:13:35 Footprint coords will be rounded to nearest base unit.
Mon Feb 22 10:13:35 Footprint coords will be rounded to nearest base unit.
Mon Feb 22 10:13:35 Footprint coords will be rounded to nearest base unit.
Mon Feb 22 10:13:35 Footprint coords will be rounded to nearest base unit.
Mon Feb 22 10:13:35 Footprint coords will be rounded to nearest base unit.
Mon Feb 22 10:13:35 Footprint coords will be rounded to nearest base unit.
Mon Feb 22 10:13:35 Footprint coords will be rounded to nearest base unit.
Mon Feb 22 10:13:35 Footprint coords will be rounded to nearest base unit.
Mon Feb 22 10:13:35 Loaded file C:\Program Files\Orcad\Layout_Plus\data\template.imp
Mon Feb 22 10:13:44 Saved as file ~undo.max
Mon Feb 22 10:14:04 Saved as file ~undo.max
Mon Feb 22 10:14:30 Saved as file ~undo.max
Mon Feb 22 10:15:54 Saved as file ~undo.max
Mon Feb 22 10:16:18 Saved as file D:\ORCAD_PCB\UNIVERSAL SERVO DRIVER V6_1\UNIVERSAL_SERVO_DRIVER_VERSION6.MAX
Mon Feb 22 10:23:24 Saved as file BACKUP1.MAX
Mon Feb 22 10:33:24 Saved as file BACKUP1.MAX
Mon Feb 22 10:43:24 Saved as file BACKUP1.MAX
Mon Feb 22 10:53:25 Saved as file BACKUP1.MAX
Mon Feb 22 11:03:25 Saved as file BACKUP1.MAX
Mon Feb 22 11:09:49 Saved as file ~undo.max
Mon Feb 22 11:10:47 Saved as file ~undo.max
Mon Feb 22 11:11:46 Saved as file ~undo.max
Mon Feb 22 11:12:39 Saved as file ~undo.max
Mon Feb 22 11:13:22 Saved as file ~undo.max
Mon Feb 22 11:13:25 Saved as file BACKUP1.MAX
Mon Feb 22 11:14:00 Saved as file ~undo.max
Mon Feb 22 11:14:23 Saved as file ~undo.max
Mon Feb 22 11:14:41 Saved as file ~undo.max
Mon Feb 22 11:15:05 Loaded file C:\Program Files\Orcad\Layout_Plus\data\template.imp
Mon Feb 22 11:15:05 Loaded file C:\Program Files\Orcad\Layout_Plus\data\template.imp
Mon Feb 22 11:15:14 Loaded file C:\PROGRAM FILES\ORCAD\LAYOUT_PLUS\library\LAYOUT.llb
Mon Feb 22 11:15:17 Loaded file C:\Program Files\Orcad\Layout_Plus\data\template.imp
Mon Feb 22 11:15:41 Loaded file C:\PROGRAM FILES\ORCAD\LAYOUT_PLUS\library\LAYOUT.llb
Mon Feb 22 11:15:41 Saved as file C:\PROGRAM FILES\ORCAD\LAYOUT_PLUS\library\LAYOUT.llb
Mon Feb 22 11:16:12 Saved as file ~undo.max
Mon Feb 22 11:16:33 Saved as file ~undo.max
Mon Feb 22 11:16:41 Loaded file C:\Program Files\Orcad\Layout_Plus\data\template.imp
Mon Feb 22 11:16:41 Loaded file C:\Program Files\Orcad\Layout_Plus\data\template.imp
Mon Feb 22 11:16:44 Loaded file C:\PROGRAM FILES\ORCAD\LAYOUT_PLUS\library\LAYOUT.llb
Mon Feb 22 11:16:46 Loaded file C:\Program Files\Orcad\Layout_Plus\data\template.imp
Mon Feb 22 11:16:49 Footprint coords will be rounded to nearest base unit.
Mon Feb 22 11:16:49 Footprint coords will be rounded to nearest base unit.
Mon Feb 22 11:16:49 Footprint coords will be rounded to nearest base unit.
Mon Feb 22 11:16:49 Footprint coords will be rounded to nearest base unit.
Mon Feb 22 11:16:49 Footprint coords will be rounded to nearest base unit.
Mon Feb 22 11:16:49 Footprint coords will be rounded to nearest base unit.
Mon Feb 22 11:16:49 Footprint coords will be rounded to nearest base unit.
Mon Feb 22 11:16:49 Footprint coords will be rounded to nearest base unit.
Mon Feb 22 11:16:49 Footprint coords will be rounded to nearest base unit.
Mon Feb 22 11:16:49 Footprint coords will be rounded to nearest base unit.
Mon Feb 22 11:16:49 Footprint coords will be rounded to nearest base unit.
Mon Feb 22 11:16:49 Footprint coords will be rounded to nearest base unit.
Mon Feb 22 11:16:49 Footprint coords will be rounded to nearest base unit.
Mon Feb 22 11:16:57 Loaded file C:\Program Files\Orcad\Layout_Plus\data\template.imp
Mon Feb 22 11:16:57 Loaded file C:\Program Files\Orcad\Layout_Plus\data\template.imp
Mon Feb 22 11:17:02 Footprint coords will be rounded to nearest base unit.
Mon Feb 22 11:17:02 Footprint coords will be rounded to nearest base unit.
Mon Feb 22 11:17:02 Footprint coords will be rounded to nearest base unit.
Mon Feb 22 11:17:02 Footprint coords will be rounded to nearest base unit.
Mon Feb 22 11:17:02 Footprint coords will be rounded to nearest base unit.
Mon Feb 22 11:17:02 Footprint coords will be rounded to nearest base unit.
Mon Feb 22 11:17:02 Footprint coords will be rounded to nearest base unit.
Mon Feb 22 11:17:02 Footprint coords will be rounded to nearest base unit.
Mon Feb 22 11:17:02 Footprint coords will be rounded to nearest base unit.
Mon Feb 22 11:17:02 Footprint coords will be rounded to nearest base unit.
Mon Feb 22 11:17:02 Footprint coords will be rounded to nearest base unit.
Mon Feb 22 11:17:02 Footprint coords will be rounded to nearest base unit.
Mon Feb 22 11:17:02 Footprint coords will be rounded to nearest base unit.
Mon Feb 22 11:17:02 Loaded file C:\Program Files\Orcad\Layout_Plus\data\template.imp
Mon Feb 22 11:17:15 Loaded file C:\Program Files\Orcad\Layout_Plus\data\template.imp
Mon Feb 22 11:17:15 Loaded file C:\Program Files\Orcad\Layout_Plus\data\template.imp
Mon Feb 22 11:17:20 Footprint coords will be rounded to nearest base unit.
Mon Feb 22 11:17:20 Footprint coords will be rounded to nearest base unit.
Mon Feb 22 11:17:20 Footprint coords will be rounded to nearest base unit.
Mon Feb 22 11:17:20 Footprint coords will be rounded to nearest base unit.
Mon Feb 22 11:17:20 Footprint coords will be rounded to nearest base unit.
Mon Feb 22 11:17:20 Footprint coords will be rounded to nearest base unit.
Mon Feb 22 11:17:20 Footprint coords will be rounded to nearest base unit.
Mon Feb 22 11:17:20 Footprint coords will be rounded to nearest base unit.
Mon Feb 22 11:17:20 Footprint coords will be rounded to nearest base unit.
Mon Feb 22 11:17:20 Footprint coords will be rounded to nearest base unit.
Mon Feb 22 11:17:20 Footprint coords will be rounded to nearest base unit.
Mon Feb 22 11:17:20 Footprint coords will be rounded to nearest base unit.
Mon Feb 22 11:17:20 Footprint coords will be rounded to nearest base unit.
Mon Feb 22 11:17:20 Loaded file C:\Program Files\Orcad\Layout_Plus\data\template.imp
Mon Feb 22 11:17:43 Saved as file ~undo.max
Mon Feb 22 11:17:58 Saved as file ~undo.max
Mon Feb 22 11:18:02 Saved as file D:\ORCAD_PCB\UNIVERSAL SERVO DRIVER V6_1\UNIVERSAL_SERVO_DRIVER_VERSION6.MAX
Mon Feb 22 11:23:25 Saved as file BACKUP1.MAX
Mon Feb 22 11:30:12 Saved as file D:\ORCAD_PCB\UNIVERSAL SERVO DRIVER V6_1\UNIVERSAL_SERVO_DRIVER_VERSION6.MAX
Mon Feb 22 11:31:06 Saved as file D:\ORCAD_PCB\UNIVERSAL SERVO DRIVER V6_1\UNIVERSAL_SERVO_DRIVER_VERSION6.MAX
Mon Feb 22 11:35:56 Saved as file BACKUP1.MAX
Mon Feb 22 11:36:39 Saved as file D:\ORCAD_PCB\UNIVERSAL SERVO DRIVER V6_1\UNIVERSAL_SERVO_DRIVER_VERSION6.MAX
Mon Feb 22 11:37:32 Saved as file D:\ORCAD_PCB\UNIVERSAL SERVO DRIVER V6_1\UNIVERSAL_SERVO_DRIVER_VERSION6.MAX
Mon Feb 22 11:37:43 Saved as file D:\ORCAD_PCB\UNIVERSAL SERVO DRIVER V6_1\UNIVERSAL_SERVO_DRIVER_VERSION6.MAX
Mon Feb 22 11:46:26 Saved as file BACKUP1.MAX
Mon Feb 22 11:48:04 Saved as file D:\ORCAD_PCB\UNIVERSAL SERVO DRIVER V6_1\UNIVERSAL_SERVO_DRIVER_VERSION6.MAX
Mon Feb 22 11:57:26 Saved as file BACKUP1.MAX
Mon Feb 22 12:03:36 Saved as file ~undo.max
Mon Feb 22 12:07:27 Saved as file BACKUP1.MAX
Mon Feb 22 12:17:15 Saved as file ~undo.max
Mon Feb 22 12:17:29 Saved as file ~undo.max
Mon Feb 22 12:17:43 Saved as file BACKUP1.MAX
Mon Feb 22 12:28:34 Saved as file BACKUP1.MAX
Mon Feb 22 12:46:43 Saved as file BACKUP1.MAX
Mon Feb 22 12:56:58 Saved as file BACKUP1.MAX
Mon Feb 22 13:06:59 Saved as file BACKUP1.MAX
Mon Feb 22 13:16:59 Saved as file BACKUP1.MAX
Mon Feb 22 13:24:48 Saved as file ~undo.max
Mon Feb 22 13:25:36 Saved as file ~undo.max
Mon Feb 22 13:26:59 Saved as file BACKUP1.MAX
Mon Feb 22 13:31:00 Saved as file ~undo.max
Mon Feb 22 13:31:57 Saved as file ~undo.max
Mon Feb 22 13:33:39 Saved as file ~undo.max
Mon Feb 22 13:33:52 Saved as file ~undo.max
Mon Feb 22 13:37:35 Saved as file BACKUP1.MAX
Mon Feb 22 13:38:57 Saved as file ~undo.max
Mon Feb 22 13:42:00 Saved as file ~undo.max
Mon Feb 22 13:48:00 Saved as file D:\ORCAD_PCB\UNIVERSAL SERVO DRIVER V6_1\UNIVERSAL_SERVO_DRIVER_VERSION6.MAX
Mon Feb 22 13:48:06 Saved as file D:\ORCAD_PCB\UNIVERSAL SERVO DRIVER V6_1\UNIVERSAL_SERVO_DRIVER_VERSION6.MAX
Mon Feb 22 13:48:30 Saved as file BACKUP1.MAX
Mon Feb 22 13:52:56 Saved as file ~undo.max
Mon Feb 22 13:53:25 Saved as file ~undo.max
Mon Feb 22 13:53:29 Saved as file ~undo.max
Mon Feb 22 13:53:37 Saved as file ~undo.max
Mon Feb 22 13:53:59 Saved as file ~undo.max
Mon Feb 22 13:54:26 Saved as file ~undo.max
Mon Feb 22 13:55:49 Saved as file ~undo.max
Mon Feb 22 13:56:32 Saved as file ~undo.max
Mon Feb 22 13:57:51 Saved as file ~undo.max
Mon Feb 22 13:58:08 Saved as file ~undo.max
Mon Feb 22 13:59:30 Saved as file BACKUP1.MAX
Mon Feb 22 14:09:30 Saved as file BACKUP1.MAX
Mon Feb 22 14:19:31 Saved as file BACKUP1.MAX
Mon Feb 22 14:19:49 Saved as file ~undo.max
Mon Feb 22 14:21:47 Saved as file ~undo.max
Mon Feb 22 14:23:44 Saved as file ~undo.max
Mon Feb 22 14:24:54 Saved as file D:\ORCAD_PCB\UNIVERSAL SERVO DRIVER V6_1\UNIVERSAL_SERVO_DRIVER_VERSION6.MAX
Mon Feb 22 14:24:59 Saved as file D:\ORCAD_PCB\UNIVERSAL SERVO DRIVER V6_1\UNIVERSAL_SERVO_DRIVER_VERSION6.MAX
Thu Feb 25 14:42:56 Saved as file BACKUP1.MAX
Thu Feb 25 14:52:56 Saved as file BACKUP1.MAX
Thu Feb 25 15:02:56 Saved as file BACKUP1.MAX
Thu Feb 25 15:12:57 Saved as file BACKUP1.MAX
Thu Feb 25 15:22:57 Saved as file BACKUP1.MAX
Thu Feb 25 15:32:57 Saved as file BACKUP1.MAX
Thu Feb 25 15:42:58 Saved as file BACKUP1.MAX
Thu Feb 25 15:52:58 Saved as file BACKUP1.MAX
Thu Feb 25 16:02:58 Saved as file BACKUP1.MAX
Thu Feb 25 16:12:59 Saved as file BACKUP1.MAX
Thu Feb 25 16:22:59 Saved as file BACKUP1.MAX
Thu Feb 25 16:32:59 Saved as file BACKUP1.MAX
Thu Feb 25 16:42:59 Saved as file BACKUP1.MAX
Thu Feb 25 16:53:00 Saved as file BACKUP1.MAX
Thu Feb 25 17:03:00 Saved as file BACKUP1.MAX
Thu Feb 25 17:13:00 Saved as file BACKUP1.MAX
Thu Feb 25 17:23:01 Saved as file BACKUP1.MAX
Thu Feb 25 17:33:01 Saved as file BACKUP1.MAX
Thu Feb 25 17:43:01 Saved as file BACKUP1.MAX
Thu Feb 25 17:53:01 Saved as file BACKUP1.MAX
Thu Feb 25 18:03:02 Saved as file BACKUP1.MAX
Thu Feb 25 18:13:02 Saved as file BACKUP1.MAX
Thu Feb 25 18:23:02 Saved as file BACKUP1.MAX
Mon Mar 01 13:47:14 Saved as file BACKUP1.MAX
Mon Mar 01 13:57:15 Saved as file BACKUP1.MAX
Mon Mar 01 14:07:15 Saved as file BACKUP1.MAX
Mon Mar 01 14:17:16 Saved as file BACKUP1.MAX
Mon Mar 01 14:27:16 Saved as file BACKUP1.MAX
Mon Mar 01 14:37:16 Saved as file BACKUP1.MAX
Mon Mar 01 14:47:16 Saved as file BACKUP1.MAX
Mon Mar 01 14:48:47 Saved as file ~undo.max
Mon Mar 01 14:49:00 Saved as file ~undo.max
Mon Mar 01 14:49:25 Saved as file ~undo.max
Mon Mar 01 14:49:52 Saved as file ~undo.max
Mon Mar 01 14:50:21 Saved as file ~undo.max
Mon Mar 01 14:50:37 Saved as file ~undo.max
Mon Mar 01 14:50:52 Saved as file ~undo.max
Mon Mar 01 14:51:25 Saved as file ~undo.max
Mon Mar 01 14:52:01 Saved as file ~undo.max
Mon Mar 01 14:52:24 Saved as file ~undo.max
Mon Mar 01 14:52:43 Saved as file ~undo.max
Mon Mar 01 14:53:16 Saved as file ~undo.max
Mon Mar 01 14:53:31 Saved as file ~undo.max
Mon Mar 01 14:54:33 Saved as file ~undo.max
Mon Mar 01 14:55:12 Saved as file ~undo.max
Mon Mar 01 14:55:46 Saved as file ~undo.max
Mon Mar 01 14:57:16 Loaded file C:\Program Files\Orcad\Layout_Plus\data\template.imp
Mon Mar 01 14:57:16 Loaded file C:\Program Files\Orcad\Layout_Plus\data\template.imp
Mon Mar 01 14:57:16 Footprint coords will be rounded to nearest base unit.
Mon Mar 01 14:57:16 Footprint coords will be rounded to nearest base unit.
Mon Mar 01 14:57:16 Footprint coords will be rounded to nearest base unit.
Mon Mar 01 14:57:16 Footprint coords will be rounded to nearest base unit.
Mon Mar 01 14:57:16 Footprint coords will be rounded to nearest base unit.
Mon Mar 01 14:57:16 Footprint coords will be rounded to nearest base unit.
Mon Mar 01 14:57:16 Footprint coords will be rounded to nearest base unit.
Mon Mar 01 14:57:16 Footprint coords will be rounded to nearest base unit.
Mon Mar 01 14:57:16 Footprint coords will be rounded to nearest base unit.
Mon Mar 01 14:57:16 Footprint coords will be rounded to nearest base unit.
Mon Mar 01 14:57:16 Footprint coords will be rounded to nearest base unit.
Mon Mar 01 14:57:16 Loaded file C:\Program Files\Orcad\Layout_Plus\data\template.imp
Mon Mar 01 14:57:16 Footprint coords will be rounded to nearest base unit.
Mon Mar 01 14:57:16 Footprint coords will be rounded to nearest base unit.
Mon Mar 01 14:57:16 Footprint coords will be rounded to nearest base unit.
Mon Mar 01 14:57:16 Footprint coords will be rounded to nearest base unit.
Mon Mar 01 14:57:16 Footprint coords will be rounded to nearest base unit.
Mon Mar 01 14:57:16 Footprint coords will be rounded to nearest base unit.
Mon Mar 01 14:57:16 Footprint coords will be rounded to nearest base unit.
Mon Mar 01 14:57:16 Footprint coords will be rounded to nearest base unit.
Mon Mar 01 14:57:16 Footprint coords will be rounded to nearest base unit.
Mon Mar 01 14:57:16 Footprint coords will be rounded to nearest base unit.
Mon Mar 01 14:57:16 Footprint coords will be rounded to nearest base unit.
Mon Mar 01 14:57:16 Loaded file C:\Program Files\Orcad\Layout_Plus\data\template.imp
Mon Mar 01 14:57:22 Loaded file C:\PROGRAM FILES\ORCAD\LAYOUT_PLUS\LIBRARY\THU VIEN LAYOUT 1-1-2007.LLB
Mon Mar 01 14:57:29 Loaded file C:\Program Files\Orcad\Layout_Plus\data\template.imp
Mon Mar 01 14:57:31 Loaded file C:\Program Files\Orcad\Layout_Plus\data\template.imp
Mon Mar 01 14:57:32 Loaded file C:\Program Files\Orcad\Layout_Plus\data\template.imp
Mon Mar 01 14:57:39 Loaded file C:\Program Files\Orcad\Layout_Plus\data\template.imp
Mon Mar 01 14:57:42 Loaded file C:\Program Files\Orcad\Layout_Plus\data\template.imp
Mon Mar 01 14:57:43 Footprint coords will be rounded to nearest base unit.
Mon Mar 01 14:57:43 Footprint coords will be rounded to nearest base unit.
Mon Mar 01 14:57:43 Footprint coords will be rounded to nearest base unit.
Mon Mar 01 14:57:43 Footprint coords will be rounded to nearest base unit.
Mon Mar 01 14:57:43 Footprint coords will be rounded to nearest base unit.
Mon Mar 01 14:57:43 Footprint coords will be rounded to nearest base unit.
Mon Mar 01 14:57:43 Footprint coords will be rounded to nearest base unit.
Mon Mar 01 14:57:43 Footprint coords will be rounded to nearest base unit.
Mon Mar 01 14:57:43 Footprint coords will be rounded to nearest base unit.
Mon Mar 01 14:57:43 Footprint coords will be rounded to nearest base unit.
Mon Mar 01 14:57:43 Footprint coords will be rounded to nearest base unit.
Mon Mar 01 14:57:43 Footprint coords will be rounded to nearest base unit.
Mon Mar 01 14:57:43 Footprint coords will be rounded to nearest base unit.
Mon Mar 01 14:57:43 Footprint coords will be rounded to nearest base unit.
Mon Mar 01 14:57:47 Saved as file BACKUP1.MAX
Mon Mar 01 14:57:53 Saved as file ~undo.max
Mon Mar 01 14:58:04 Loaded file C:\Program Files\Orcad\Layout_Plus\data\template.imp
Mon Mar 01 14:58:04 Loaded file C:\Program Files\Orcad\Layout_Plus\data\template.imp
Mon Mar 01 14:58:04 Footprint coords will be rounded to nearest base unit.
Mon Mar 01 14:58:04 Footprint coords will be rounded to nearest base unit.
Mon Mar 01 14:58:04 Footprint coords will be rounded to nearest base unit.
Mon Mar 01 14:58:04 Footprint coords will be rounded to nearest base unit.
Mon Mar 01 14:58:04 Footprint coords will be rounded to nearest base unit.
Mon Mar 01 14:58:04 Footprint coords will be rounded to nearest base unit.
Mon Mar 01 14:58:04 Footprint coords will be rounded to nearest base unit.
Mon Mar 01 14:58:04 Footprint coords will be rounded to nearest base unit.
Mon Mar 01 14:58:04 Footprint coords will be rounded to nearest base unit.
Mon Mar 01 14:58:04 Footprint coords will be rounded to nearest base unit.
Mon Mar 01 14:58:04 Footprint coords will be rounded to nearest base unit.
Mon Mar 01 14:58:04 Loaded file C:\Program Files\Orcad\Layout_Plus\data\template.imp
Mon Mar 01 14:58:04 Footprint coords will be rounded to nearest base unit.
Mon Mar 01 14:58:04 Footprint coords will be rounded to nearest base unit.
Mon Mar 01 14:58:04 Footprint coords will be rounded to nearest base unit.
Mon Mar 01 14:58:04 Footprint coords will be rounded to nearest base unit.
Mon Mar 01 14:58:04 Footprint coords will be rounded to nearest base unit.
Mon Mar 01 14:58:04 Footprint coords will be rounded to nearest base unit.
Mon Mar 01 14:58:04 Footprint coords will be rounded to nearest base unit.
Mon Mar 01 14:58:04 Footprint coords will be rounded to nearest base unit.
Mon Mar 01 14:58:04 Footprint coords will be rounded to nearest base unit.
Mon Mar 01 14:58:04 Footprint coords will be rounded to nearest base unit.
Mon Mar 01 14:58:04 Footprint coords will be rounded to nearest base unit.
Mon Mar 01 14:58:04 Loaded file C:\Program Files\Orcad\Layout_Plus\data\template.imp
Mon Mar 01 14:58:12 Loaded file C:\PROGRAM FILES\ORCAD\LAYOUT_PLUS\LIBRARY\THU VIEN LAYOUT 1-1-2007.LLB
Mon Mar 01 14:58:16 Loaded file C:\Program Files\Orcad\Layout_Plus\data\template.imp
Mon Mar 01 14:58:30 Footprint coords will be rounded to nearest base unit.
Mon Mar 01 14:58:30 Footprint coords will be rounded to nearest base unit.
Mon Mar 01 14:58:30 Footprint coords will be rounded to nearest base unit.
Mon Mar 01 14:58:30 Footprint coords will be rounded to nearest base unit.
Mon Mar 01 14:58:30 Footprint coords will be rounded to nearest base unit.
Mon Mar 01 14:58:30 Footprint coords will be rounded to nearest base unit.
Mon Mar 01 14:58:30 Footprint coords will be rounded to nearest base unit.
Mon Mar 01 14:58:30 Footprint coords will be rounded to nearest base unit.
Mon Mar 01 14:58:30 Footprint coords will be rounded to nearest base unit.
Mon Mar 01 14:58:30 Footprint coords will be rounded to nearest base unit.
Mon Mar 01 14:58:30 Footprint coords will be rounded to nearest base unit.
Mon Mar 01 14:58:30 Footprint coords will be rounded to nearest base unit.
Mon Mar 01 14:58:30 Footprint coords will be rounded to nearest base unit.
Mon Mar 01 14:58:30 Footprint coords will be rounded to nearest base unit.
Mon Mar 01 14:58:40 Saved as file ~undo.max
Mon Mar 01 14:59:08 Saved as file ~undo.max
Mon Mar 01 14:59:37 Saved as file ~undo.max
Mon Mar 01 14:59:44 Loaded file C:\Program Files\Orcad\Layout_Plus\data\template.imp
Mon Mar 01 14:59:44 Loaded file C:\Program Files\Orcad\Layout_Plus\data\template.imp
Mon Mar 01 14:59:44 Footprint coords will be rounded to nearest base unit.
Mon Mar 01 14:59:44 Footprint coords will be rounded to nearest base unit.
Mon Mar 01 14:59:44 Footprint coords will be rounded to nearest base unit.
Mon Mar 01 14:59:44 Footprint coords will be rounded to nearest base unit.
Mon Mar 01 14:59:44 Footprint coords will be rounded to nearest base unit.
Mon Mar 01 14:59:44 Footprint coords will be rounded to nearest base unit.
Mon Mar 01 14:59:44 Footprint coords will be rounded to nearest base unit.
Mon Mar 01 14:59:44 Footprint coords will be rounded to nearest base unit.
Mon Mar 01 14:59:44 Footprint coords will be rounded to nearest base unit.
Mon Mar 01 14:59:44 Footprint coords will be rounded to nearest base unit.
Mon Mar 01 14:59:44 Footprint coords will be rounded to nearest base unit.
Mon Mar 01 14:59:44 Loaded file C:\Program Files\Orcad\Layout_Plus\data\template.imp
Mon Mar 01 14:59:44 Footprint coords will be rounded to nearest base unit.
Mon Mar 01 14:59:44 Footprint coords will be rounded to nearest base unit.
Mon Mar 01 14:59:44 Footprint coords will be rounded to nearest base unit.
Mon Mar 01 14:59:44 Footprint coords will be rounded to nearest base unit.
Mon Mar 01 14:59:44 Footprint coords will be rounded to nearest base unit.
Mon Mar 01 14:59:44 Footprint coords will be rounded to nearest base unit.
Mon Mar 01 14:59:44 Footprint coords will be rounded to nearest base unit.
Mon Mar 01 14:59:44 Footprint coords will be rounded to nearest base unit.
Mon Mar 01 14:59:44 Footprint coords will be rounded to nearest base unit.
Mon Mar 01 14:59:44 Footprint coords will be rounded to nearest base unit.
Mon Mar 01 14:59:44 Footprint coords will be rounded to nearest base unit.
Mon Mar 01 14:59:44 Loaded file C:\Program Files\Orcad\Layout_Plus\data\template.imp
Mon Mar 01 14:59:57 Footprint coords will be rounded to nearest base unit.
Mon Mar 01 14:59:57 Footprint coords will be rounded to nearest base unit.
Mon Mar 01 14:59:57 Footprint coords will be rounded to nearest base unit.
Mon Mar 01 14:59:57 Footprint coords will be rounded to nearest base unit.
Mon Mar 01 14:59:57 Footprint coords will be rounded to nearest base unit.
Mon Mar 01 14:59:57 Footprint coords will be rounded to nearest base unit.
Mon Mar 01 14:59:57 Footprint coords will be rounded to nearest base unit.
Mon Mar 01 14:59:57 Footprint coords will be rounded to nearest base unit.
Mon Mar 01 14:59:57 Footprint coords will be rounded to nearest base unit.
Mon Mar 01 14:59:57 Footprint coords will be rounded to nearest base unit.
Mon Mar 01 14:59:57 Footprint coords will be rounded to nearest base unit.
Mon Mar 01 14:59:57 Footprint coords will be rounded to nearest base unit.
Mon Mar 01 14:59:57 Footprint coords will be rounded to nearest base unit.
Mon Mar 01 14:59:57 Loaded file C:\Program Files\Orcad\Layout_Plus\data\template.imp
Mon Mar 01 15:00:02 Footprint coords will be rounded to nearest base unit.
Mon Mar 01 15:00:02 Footprint coords will be rounded to nearest base unit.
Mon Mar 01 15:00:02 Footprint coords will be rounded to nearest base unit.
Mon Mar 01 15:00:02 Footprint coords will be rounded to nearest base unit.
Mon Mar 01 15:00:02 Footprint coords will be rounded to nearest base unit.
Mon Mar 01 15:00:02 Footprint coords will be rounded to nearest base unit.
Mon Mar 01 15:00:02 Footprint coords will be rounded to nearest base unit.
Mon Mar 01 15:00:02 Footprint coords will be rounded to nearest base unit.
Mon Mar 01 15:00:02 Footprint coords will be rounded to nearest base unit.
Mon Mar 01 15:00:02 Footprint coords will be rounded to nearest base unit.
Mon Mar 01 15:00:02 Footprint coords will be rounded to nearest base unit.
Mon Mar 01 15:00:02 Footprint coords will be rounded to nearest base unit.
Mon Mar 01 15:00:02 Footprint coords will be rounded to nearest base unit.
Mon Mar 01 15:00:02 Footprint coords will be rounded to nearest base unit.
Mon Mar 01 15:00:02 Loaded file C:\Program Files\Orcad\Layout_Plus\data\template.imp
Mon Mar 01 15:00:06 Footprint coords will be rounded to nearest base unit.
Mon Mar 01 15:00:06 Footprint coords will be rounded to nearest base unit.
Mon Mar 01 15:00:06 Footprint coords will be rounded to nearest base unit.
Mon Mar 01 15:00:06 Footprint coords will be rounded to nearest base unit.
Mon Mar 01 15:00:06 Footprint coords will be rounded to nearest base unit.
Mon Mar 01 15:00:06 Footprint coords will be rounded to nearest base unit.
Mon Mar 01 15:00:06 Footprint coords will be rounded to nearest base unit.
Mon Mar 01 15:00:06 Footprint coords will be rounded to nearest base unit.
Mon Mar 01 15:00:06 Footprint coords will be rounded to nearest base unit.
Mon Mar 01 15:00:06 Footprint coords will be rounded to nearest base unit.
Mon Mar 01 15:00:06 Footprint coords will be rounded to nearest base unit.
Mon Mar 01 15:00:06 Footprint coords will be rounded to nearest base unit.
Mon Mar 01 15:00:06 Footprint coords will be rounded to nearest base unit.
Mon Mar 01 15:00:06 Footprint coords will be rounded to nearest base unit.
Mon Mar 01 15:00:06 Loaded file C:\Program Files\Orcad\Layout_Plus\data\template.imp
Mon Mar 01 15:00:06 Footprint coords will be rounded to nearest base unit.
Mon Mar 01 15:00:06 Footprint coords will be rounded to nearest base unit.
Mon Mar 01 15:00:06 Footprint coords will be rounded to nearest base unit.
Mon Mar 01 15:00:06 Footprint coords will be rounded to nearest base unit.
Mon Mar 01 15:00:06 Footprint coords will be rounded to nearest base unit.
Mon Mar 01 15:00:06 Footprint coords will be rounded to nearest base unit.
Mon Mar 01 15:00:06 Footprint coords will be rounded to nearest base unit.
Mon Mar 01 15:00:06 Footprint coords will be rounded to nearest base unit.
Mon Mar 01 15:00:06 Footprint coords will be rounded to nearest base unit.
Mon Mar 01 15:00:06 Footprint coords will be rounded to nearest base unit.
Mon Mar 01 15:00:06 Footprint coords will be rounded to nearest base unit.
Mon Mar 01 15:00:06 Footprint coords will be rounded to nearest base unit.
Mon Mar 01 15:00:06 Footprint coords will be rounded to nearest base unit.
Mon Mar 01 15:00:06 Footprint coords will be rounded to nearest base unit.
Mon Mar 01 15:00:06 Loaded file C:\Program Files\Orcad\Layout_Plus\data\template.imp
Mon Mar 01 15:00:16 Saved as file ~undo.max
Mon Mar 01 15:00:30 Saved as file ~undo.max
Mon Mar 01 15:00:47 Saved as file ~undo.max
Mon Mar 01 15:01:04 Saved as file ~undo.max
Mon Mar 01 15:01:32 Saved as file ~undo.max
Mon Mar 01 15:01:51 Saved as file ~undo.max
Mon Mar 01 15:03:08 Saved as file ~undo.max
Mon Mar 01 15:05:54 Saved as file D:\ORCAD_PCB\UNIVERSAL SERVO DRIVER V6_1\UNIVERSAL_SERVO_DRIVER_VERSION6.MAX
Mon Mar 01 15:08:47 Saved as file BACKUP1.MAX
Mon Mar 01 15:09:35 Saved as file ~undo.max
Mon Mar 01 15:11:04 Saved as file ~undo.max
Mon Mar 01 15:11:53 Saved as file ~undo.max
Mon Mar 01 15:12:21 Saved as file ~undo.max
Mon Mar 01 15:12:43 Saved as file ~undo.max
Mon Mar 01 15:12:54 Saved as file ~undo.max
Mon Mar 01 15:13:14 Saved as file ~undo.max
Mon Mar 01 15:14:24 Saved as file ~undo.max
Mon Mar 01 15:14:50 Saved as file ~undo.max
Mon Mar 01 15:15:03 Saved as file ~undo.max
Mon Mar 01 15:19:17 Saved as file BACKUP1.MAX
Mon Mar 01 15:29:48 Saved as file BACKUP1.MAX
Mon Mar 01 15:39:48 Saved as file BACKUP1.MAX
Mon Mar 01 15:49:04 Saved as file ~undo.max
Mon Mar 01 15:49:51 Saved as file ~undo.max
Mon Mar 01 15:51:23 Saved as file BACKUP1.MAX
Mon Mar 01 15:52:10 Saved as file ~undo.max
Mon Mar 01 15:53:51 Saved as file D:\ORCAD_PCB\UNIVERSAL SERVO DRIVER V6_1\UNIVERSAL_SERVO_DRIVER_VERSION6.MAX
Mon Mar 01 15:53:56 Saved as file D:\ORCAD_PCB\UNIVERSAL SERVO DRIVER V6_1\UNIVERSAL_SERVO_DRIVER_VERSION6.MAX
Mon Mar 01 15:56:25 Saved as file ~undo.max
Mon Mar 01 15:56:43 Saved as file ~undo.max
Mon Mar 01 16:01:04 Saved as file D:\ORCAD_PCB\UNIVERSAL SERVO DRIVER V6_1\UNIVERSAL_SERVO_DRIVER_VERSION6.MAX
Mon Mar 01 16:04:15 Saved as file BACKUP1.MAX
Mon Mar 01 16:05:58 Saved as file D:\ORCAD_PCB\UNIVERSAL SERVO DRIVER V6_1\UNIVERSAL_SERVO_DRIVER_VERSION6.MAX
Mon Mar 01 16:06:09 Saved as file D:\ORCAD_PCB\UNIVERSAL SERVO DRIVER V6_1\UNIVERSAL_SERVO_DRIVER_VERSION6.MAX
Tue Mar 02 12:05:20 Saved as file D:\ORCAD_PCB\UNIVERSAL SERVO DRIVER V6_1\UNIVERSAL_SERVO_DRIVER_VERSION6.MAX
Tue Mar 02 12:05:24 Saved as file D:\ORCAD_PCB\UNIVERSAL SERVO DRIVER V6_1\UNIVERSAL_SERVO_DRIVER_VERSION6.MAX
Wed Mar 03 16:16:28 Saved as file ~undo.max
Wed Mar 03 16:16:38 Saved as file ~undo.max
Wed Mar 03 16:17:33 Saved as file ~undo.max
Wed Mar 03 16:19:35 Saved as file D:\ORCAD_PCB\UNIVERSAL SERVO DRIVER V6_1\UNIVERSAL_SERVO_DRIVER_VERSION6.MAX
Wed Mar 03 16:19:39 Saved as file D:\ORCAD_PCB\UNIVERSAL SERVO DRIVER V6_1\UNIVERSAL_SERVO_DRIVER_VERSION6.MAX
Wed Mar 03 16:21:36 Saved as file ~undo.max
Wed Mar 03 16:21:53 Saved as file D:\ORCAD_PCB\UNIVERSAL SERVO DRIVER V6_1\UNIVERSAL_SERVO_DRIVER_VERSION6.MAX
Wed Mar 03 16:23:59 Saved as file D:\ORCAD_PCB\UNIVERSAL SERVO DRIVER V6_1\UNIVERSAL_SERVO_DRIVER_VERSION6.MAX
Wed Mar 03 16:25:08 Saved as file ~undo.max
Wed Mar 03 16:26:23 Saved as file BACKUP1.MAX
Wed Mar 03 16:26:49 Saved as file D:\ORCAD_PCB\UNIVERSAL SERVO DRIVER V6_1\UNIVERSAL_SERVO_DRIVER_VERSION6.MAX
Wed Mar 03 16:26:53 Saved as file D:\ORCAD_PCB\UNIVERSAL SERVO DRIVER V6_1\UNIVERSAL_SERVO_DRIVER_VERSION6.MAX
