Post Processor Report
OrCAD FILE: C:\USERS\PROF JAYASINGHE\DESKTOP\ALOKAPCB\TMC 4671 BOARD E2\TMC 4671 DESIGN PARALLEL BOARD REV1\TMC 4671 DESIGN.MAX
Thu Jul 01 15:59:40 2021

*********************************************************

Output file: C:\USERS\PROF JAYASINGHE\DESKTOP\ALOKAPCB\TMC 4671 BOARD E2\TMC 4671 DESIGN PARALLEL BOARD REV1\TMC 4671 DESIGN.TOP

Aperture totals for C:\USERS\PROF JAYASINGHE\DESKTOP\ALOKAPCB\TMC 4671 BOARD E2\TMC 4671 DESIGN PARALLEL BOARD REV1\TMC 4671 DESIGN.TOP:
---------------------------------------------------------
D10:  0.0550 ROUND  --       0 Draws,      31 Flashes
D12:  0.0380 x 0.0320 RECTANGLE -----      46 Flashes
D13:  0.0320 x 0.0380 RECTANGLE -----      40 Flashes
D14:  0.1200 ROUND  --       0 Draws,       2 Flashes
D15:  0.0630 ROUND  --       0 Draws,       8 Flashes
D16:  0.0630 SQUARE --       0 Draws,       1 Flashes
D17:  0.1000 ROUND  --       0 Draws,      12 Flashes
D18:  0.1000 SQUARE --       0 Draws,       2 Flashes
D19:  0.0580 ROUND  --       0 Draws,      27 Flashes
D20:  0.0580 SQUARE --       0 Draws,       6 Flashes
D21:  0.0700 ROUND  --       0 Draws,       4 Flashes
D22:  0.1500 ROUND  --       0 Draws,       4 Flashes
D23:  0.0300 ROUND  --       0 Draws,       2 Flashes
D25:  0.0400 ROUND  --       0 Draws,       2 Flashes
D27:  0.0250 ROUND  --       0 Draws,       6 Flashes
D28:  0.0120 ROUND  --      18 Draws,       0 Flashes
D29:  0.0250 ROUND  --       0 Draws,     167 Flashes
D30:  0.0080 ROUND  --     452 Draws,       0 Flashes
D31:  0.0250 ROUND  --     467 Draws,       0 Flashes
D32:  0.0100 ROUND  --     211 Draws,       0 Flashes
D33:  0.0200 ROUND  --     334 Draws,       0 Flashes
D34:  0.0180 ROUND  --      82 Draws,       0 Flashes
D37:  0.0600 SQUARE --       0 Draws,       2 Flashes
D44:  0.0500 SQUARE --       0 Draws,      98 Flashes
D53:  0.0060 ROUND  --     469 Draws,       0 Flashes
D58:  0.0787 ROUND  --       0 Draws,       8 Flashes
D59:  0.0257 x 0.0557 RECTANGLE -----      12 Flashes
D60:  0.0080 x 0.0337 RECTANGLE -----      28 Flashes
D61:  0.0337 x 0.0080 RECTANGLE -----      48 Flashes
D66:  0.0610 SQUARE --       0 Draws,       1 Flashes
D67:  0.0340 x 0.0400 RECTANGLE -----      18 Flashes
D68:  0.0340 x 0.0500 RECTANGLE -----       9 Flashes
D69:  0.0480 x 0.0760 RECTANGLE -----       2 Flashes
D70:  0.0760 x 0.0480 RECTANGLE -----       4 Flashes
D71:  0.0620 ROUND  --       0 Draws,       5 Flashes
D72:  0.0620 SQUARE --       0 Draws,       1 Flashes
D73:  0.0750 x 0.0370 RECTANGLE -----       2 Flashes
D74:  0.0630 x 0.0260 RECTANGLE -----      10 Flashes
D75:  0.1970 x 0.3540 RECTANGLE -----       1 Flashes
D76:  0.0100 x 0.0380 RECTANGLE -----       8 Flashes
D77:  0.0700 x 0.0120 RECTANGLE -----      32 Flashes
D78:  0.0120 x 0.0700 RECTANGLE -----      32 Flashes
D79:  0.0220 x 0.0900 RECTANGLE -----       8 Flashes
D80:  0.1120 x 0.0650 RECTANGLE -----       1 Flashes
D81:  0.0170 x 0.0670 RECTANGLE -----      12 Flashes
D82:  0.1280 x 0.1100 RECTANGLE -----       1 Flashes
D83:  0.0370 x 0.1100 RECTANGLE -----       3 Flashes
D84:  0.0450 x 0.0520 RECTANGLE -----       4 Flashes
D85:  0.0300 ROUND  --    4641 Draws,       0 Flashes
D86:  0.0050 ROUND  --     692 Draws,       0 Flashes
D87:  0.0160 ROUND  --      11 Draws,       0 Flashes
D88:  0.0140 ROUND  --     144 Draws,       0 Flashes
---------------------------------------------------------
 52 D-Codes      -----    7521 Draws,     710 Flashes

*********************************************************

Output file: C:\USERS\PROF JAYASINGHE\DESKTOP\ALOKAPCB\TMC 4671 BOARD E2\TMC 4671 DESIGN PARALLEL BOARD REV1\TMC 4671 DESIGN.BOT

Aperture totals for C:\USERS\PROF JAYASINGHE\DESKTOP\ALOKAPCB\TMC 4671 BOARD E2\TMC 4671 DESIGN PARALLEL BOARD REV1\TMC 4671 DESIGN.BOT:
---------------------------------------------------------
D10:  0.0550 ROUND  --       0 Draws,      31 Flashes
D11:  0.0610 ROUND  --       0 Draws,       1 Flashes
D13:  0.0320 x 0.0380 RECTANGLE -----       2 Flashes
D14:  0.1200 ROUND  --       0 Draws,       2 Flashes
D15:  0.0630 ROUND  --       0 Draws,       8 Flashes
D16:  0.0630 SQUARE --       0 Draws,       1 Flashes
D17:  0.1000 ROUND  --       0 Draws,      12 Flashes
D18:  0.1000 SQUARE --       0 Draws,       2 Flashes
D19:  0.0580 ROUND  --       0 Draws,      27 Flashes
D20:  0.0580 SQUARE --       0 Draws,       6 Flashes
D21:  0.0700 ROUND  --       0 Draws,       4 Flashes
D22:  0.1500 ROUND  --       0 Draws,       4 Flashes
D23:  0.0300 ROUND  --       0 Draws,       2 Flashes
D25:  0.0400 ROUND  --       0 Draws,       2 Flashes
D27:  0.0250 ROUND  --       0 Draws,       6 Flashes
D29:  0.0250 ROUND  --       0 Draws,     167 Flashes
D30:  0.0080 ROUND  --     134 Draws,       0 Flashes
D31:  0.0250 ROUND  --     203 Draws,       0 Flashes
D32:  0.0100 ROUND  --     175 Draws,       0 Flashes
D33:  0.0200 ROUND  --     182 Draws,       0 Flashes
D34:  0.0180 ROUND  --      30 Draws,       0 Flashes
D44:  0.0500 SQUARE --       0 Draws,       6 Flashes
D58:  0.0787 ROUND  --       0 Draws,       8 Flashes
D71:  0.0620 ROUND  --       0 Draws,       5 Flashes
D72:  0.0620 SQUARE --       0 Draws,       1 Flashes
D85:  0.0300 ROUND  --    4506 Draws,       0 Flashes
D87:  0.0160 ROUND  --       4 Draws,       0 Flashes
D88:  0.0140 ROUND  --      28 Draws,       0 Flashes
D89:  0.0520 x 0.0240 RECTANGLE -----       3 Flashes
---------------------------------------------------------
 29 D-Codes      -----    5262 Draws,     300 Flashes

*********************************************************

Output file: C:\USERS\PROF JAYASINGHE\DESKTOP\ALOKAPCB\TMC 4671 BOARD E2\TMC 4671 DESIGN PARALLEL BOARD REV1\TMC 4671 DESIGN.SMT

Aperture totals for C:\USERS\PROF JAYASINGHE\DESKTOP\ALOKAPCB\TMC 4671 BOARD E2\TMC 4671 DESIGN PARALLEL BOARD REV1\TMC 4671 DESIGN.SMT:
---------------------------------------------------------
D12:  0.0380 x 0.0320 RECTANGLE -----      46 Flashes
D13:  0.0320 x 0.0380 RECTANGLE -----      40 Flashes
D14:  0.1200 ROUND  --       0 Draws,       2 Flashes
D15:  0.0630 ROUND  --       0 Draws,       8 Flashes
D16:  0.0630 SQUARE --       0 Draws,       1 Flashes
D19:  0.0580 ROUND  --       0 Draws,      39 Flashes
D20:  0.0580 SQUARE --       0 Draws,       8 Flashes
D21:  0.0700 ROUND  --       0 Draws,       4 Flashes
D22:  0.1500 ROUND  --       0 Draws,       4 Flashes
D23:  0.0300 ROUND  --       0 Draws,       2 Flashes
D27:  0.0250 ROUND  --       0 Draws,       6 Flashes
D29:  0.0250 ROUND  --       0 Draws,     167 Flashes
D35:  0.0670 ROUND  --       0 Draws,      31 Flashes
D36:  0.0660 ROUND  --       0 Draws,       1 Flashes
D37:  0.0600 SQUARE --       0 Draws,       2 Flashes
D44:  0.0500 SQUARE --       0 Draws,      98 Flashes
D45:  0.0600 ROUND  --       0 Draws,       2 Flashes
D58:  0.0787 ROUND  --       0 Draws,       8 Flashes
D59:  0.0257 x 0.0557 RECTANGLE -----      12 Flashes
D60:  0.0080 x 0.0337 RECTANGLE -----      28 Flashes
D61:  0.0337 x 0.0080 RECTANGLE -----      48 Flashes
D67:  0.0340 x 0.0400 RECTANGLE -----      18 Flashes
D68:  0.0340 x 0.0500 RECTANGLE -----       9 Flashes
D69:  0.0480 x 0.0760 RECTANGLE -----       2 Flashes
D70:  0.0760 x 0.0480 RECTANGLE -----       4 Flashes
D71:  0.0620 ROUND  --       0 Draws,       5 Flashes
D72:  0.0620 SQUARE --       0 Draws,       1 Flashes
D73:  0.0750 x 0.0370 RECTANGLE -----       2 Flashes
D74:  0.0630 x 0.0260 RECTANGLE -----      10 Flashes
D75:  0.1970 x 0.3540 RECTANGLE -----       1 Flashes
D76:  0.0100 x 0.0380 RECTANGLE -----       8 Flashes
D77:  0.0700 x 0.0120 RECTANGLE -----      32 Flashes
D78:  0.0120 x 0.0700 RECTANGLE -----      32 Flashes
D79:  0.0220 x 0.0900 RECTANGLE -----       8 Flashes
D80:  0.1120 x 0.0650 RECTANGLE -----       1 Flashes
D81:  0.0170 x 0.0670 RECTANGLE -----      12 Flashes
D82:  0.1280 x 0.1100 RECTANGLE -----       1 Flashes
D83:  0.0370 x 0.1100 RECTANGLE -----       3 Flashes
D84:  0.0450 x 0.0520 RECTANGLE -----       4 Flashes
---------------------------------------------------------
 39 D-Codes      -----       0 Draws,     710 Flashes

*********************************************************

Output file: C:\USERS\PROF JAYASINGHE\DESKTOP\ALOKAPCB\TMC 4671 BOARD E2\TMC 4671 DESIGN PARALLEL BOARD REV1\TMC 4671 DESIGN.SMB

Aperture totals for C:\USERS\PROF JAYASINGHE\DESKTOP\ALOKAPCB\TMC 4671 BOARD E2\TMC 4671 DESIGN PARALLEL BOARD REV1\TMC 4671 DESIGN.SMB:
---------------------------------------------------------
D13:  0.0320 x 0.0380 RECTANGLE -----       2 Flashes
D14:  0.1200 ROUND  --       0 Draws,       2 Flashes
D15:  0.0630 ROUND  --       0 Draws,       8 Flashes
D16:  0.0630 SQUARE --       0 Draws,       1 Flashes
D19:  0.0580 ROUND  --       0 Draws,      39 Flashes
D20:  0.0580 SQUARE --       0 Draws,       8 Flashes
D21:  0.0700 ROUND  --       0 Draws,       4 Flashes
D22:  0.1500 ROUND  --       0 Draws,       4 Flashes
D23:  0.0300 ROUND  --       0 Draws,       2 Flashes
D27:  0.0250 ROUND  --       0 Draws,       6 Flashes
D29:  0.0250 ROUND  --       0 Draws,     167 Flashes
D32:  0.0100 ROUND  --       1 Draws,       0 Flashes
D35:  0.0670 ROUND  --       0 Draws,      31 Flashes
D36:  0.0660 ROUND  --       0 Draws,       1 Flashes
D44:  0.0500 SQUARE --       0 Draws,       6 Flashes
D45:  0.0600 ROUND  --       0 Draws,       2 Flashes
D58:  0.0787 ROUND  --       0 Draws,       8 Flashes
D71:  0.0620 ROUND  --       0 Draws,       5 Flashes
D72:  0.0620 SQUARE --       0 Draws,       1 Flashes
D89:  0.0520 x 0.0240 RECTANGLE -----       3 Flashes
---------------------------------------------------------
 20 D-Codes      -----       1 Draws,     300 Flashes

*********************************************************

Output file: C:\USERS\PROF JAYASINGHE\DESKTOP\ALOKAPCB\TMC 4671 BOARD E2\TMC 4671 DESIGN PARALLEL BOARD REV1\TMC 4671 DESIGN.SST

Aperture totals for C:\USERS\PROF JAYASINGHE\DESKTOP\ALOKAPCB\TMC 4671 BOARD E2\TMC 4671 DESIGN PARALLEL BOARD REV1\TMC 4671 DESIGN.SST:
---------------------------------------------------------
D30:  0.0080 ROUND  --     218 Draws,       0 Flashes
D32:  0.0100 ROUND  --     102 Draws,       0 Flashes
D33:  0.0200 ROUND  --       4 Draws,       0 Flashes
D53:  0.0060 ROUND  --    2106 Draws,       0 Flashes
D54:  0.0010 ROUND  --      56 Draws,       0 Flashes
D55:  0.0040 ROUND  --     276 Draws,       0 Flashes
D56:  0.0020 ROUND  --      58 Draws,       0 Flashes
D57:  0.0030 ROUND  --     209 Draws,       0 Flashes
D64:  0.0039 ROUND  --       8 Draws,       0 Flashes
D65:  0.0118 ROUND  --      62 Draws,       0 Flashes
D90:  0.0079 ROUND  --       6 Draws,       0 Flashes
---------------------------------------------------------
 11 D-Codes      -----    3105 Draws,       0 Flashes

*********************************************************

Output file: C:\USERS\PROF JAYASINGHE\DESKTOP\ALOKAPCB\TMC 4671 BOARD E2\TMC 4671 DESIGN PARALLEL BOARD REV1\TMC 4671 DESIGN.SSB

Aperture totals for C:\USERS\PROF JAYASINGHE\DESKTOP\ALOKAPCB\TMC 4671 BOARD E2\TMC 4671 DESIGN PARALLEL BOARD REV1\TMC 4671 DESIGN.SSB:
---------------------------------------------------------
D30:  0.0080 ROUND  --      71 Draws,       0 Flashes
D33:  0.0200 ROUND  --       4 Draws,       0 Flashes
D53:  0.0060 ROUND  --      82 Draws,       0 Flashes
D55:  0.0040 ROUND  --      15 Draws,       0 Flashes
D57:  0.0030 ROUND  --      13 Draws,       0 Flashes
D58:  0.0787 ROUND  --       0 Draws,       2 Flashes
---------------------------------------------------------
  6 D-Codes      -----     185 Draws,       2 Flashes

*********************************************************

Output file: C:\USERS\PROF JAYASINGHE\DESKTOP\ALOKAPCB\TMC 4671 BOARD E2\TMC 4671 DESIGN PARALLEL BOARD REV1\TMC 4671 DESIGN.AST

Aperture totals for C:\USERS\PROF JAYASINGHE\DESKTOP\ALOKAPCB\TMC 4671 BOARD E2\TMC 4671 DESIGN PARALLEL BOARD REV1\TMC 4671 DESIGN.AST:
---------------------------------------------------------
D12:  0.0380 x 0.0320 RECTANGLE -----      46 Flashes
D13:  0.0320 x 0.0380 RECTANGLE -----      40 Flashes
D14:  0.1200 ROUND  --       0 Draws,       2 Flashes
D15:  0.0630 ROUND  --       0 Draws,       8 Flashes
D16:  0.0630 SQUARE --       0 Draws,       1 Flashes
D19:  0.0580 ROUND  --       0 Draws,      39 Flashes
D20:  0.0580 SQUARE --       0 Draws,       8 Flashes
D21:  0.0700 ROUND  --       0 Draws,       4 Flashes
D30:  0.0080 ROUND  --     420 Draws,       0 Flashes
D32:  0.0100 ROUND  --     417 Draws,       0 Flashes
D33:  0.0200 ROUND  --       4 Draws,       0 Flashes
D34:  0.0180 ROUND  --       6 Draws,       0 Flashes
D37:  0.0600 SQUARE --       0 Draws,       2 Flashes
D44:  0.0500 SQUARE --       0 Draws,      98 Flashes
D53:  0.0060 ROUND  --    5426 Draws,       0 Flashes
D54:  0.0010 ROUND  --     660 Draws,       0 Flashes
D57:  0.0030 ROUND  --     716 Draws,       0 Flashes
D58:  0.0787 ROUND  --       0 Draws,       8 Flashes
D67:  0.0340 x 0.0400 RECTANGLE -----      18 Flashes
D68:  0.0340 x 0.0500 RECTANGLE -----       9 Flashes
D69:  0.0480 x 0.0760 RECTANGLE -----       2 Flashes
D70:  0.0760 x 0.0480 RECTANGLE -----       4 Flashes
D71:  0.0620 ROUND  --       0 Draws,       5 Flashes
D72:  0.0620 SQUARE --       0 Draws,       1 Flashes
---------------------------------------------------------
 24 D-Codes      -----    7649 Draws,     295 Flashes

*********************************************************

Output file: C:\USERS\PROF JAYASINGHE\DESKTOP\ALOKAPCB\TMC 4671 BOARD E2\TMC 4671 DESIGN PARALLEL BOARD REV1\TMC 4671 DESIGN.DRD

Aperture totals for C:\USERS\PROF JAYASINGHE\DESKTOP\ALOKAPCB\TMC 4671 BOARD E2\TMC 4671 DESIGN PARALLEL BOARD REV1\TMC 4671 DESIGN.DRD:
---------------------------------------------------------
D32:  0.0100 ROUND  --    1810 Draws,       0 Flashes
D34:  0.0180 ROUND  --       6 Draws,       0 Flashes
---------------------------------------------------------
  2 D-Codes      -----    1816 Draws,       0 Flashes


*********************************************************

Aperture totals for entire project:
---------------------------------------------------------
D10:  0.0550 ROUND  --       0 Draws,      62 Flashes
D11:  0.0610 ROUND  --       0 Draws,       1 Flashes
D12:  0.0380 x 0.0320 RECTANGLE -----     138 Flashes
D13:  0.0320 x 0.0380 RECTANGLE -----     124 Flashes
D14:  0.1200 ROUND  --       0 Draws,      10 Flashes
D15:  0.0630 ROUND  --       0 Draws,      40 Flashes
D16:  0.0630 SQUARE --       0 Draws,       5 Flashes
D17:  0.1000 ROUND  --       0 Draws,      24 Flashes
D18:  0.1000 SQUARE --       0 Draws,       4 Flashes
D19:  0.0580 ROUND  --       0 Draws,     171 Flashes
D20:  0.0580 SQUARE --       0 Draws,      36 Flashes
D21:  0.0700 ROUND  --       0 Draws,      20 Flashes
D22:  0.1500 ROUND  --       0 Draws,      16 Flashes
D23:  0.0300 ROUND  --       0 Draws,       8 Flashes
D25:  0.0400 ROUND  --       0 Draws,       4 Flashes
D27:  0.0250 ROUND  --       0 Draws,      24 Flashes
D28:  0.0120 ROUND  --      18 Draws,       0 Flashes
D29:  0.0250 ROUND  --       0 Draws,     668 Flashes
D30:  0.0080 ROUND  --    1295 Draws,       0 Flashes
D31:  0.0250 ROUND  --     670 Draws,       0 Flashes
D32:  0.0100 ROUND  --    2716 Draws,       0 Flashes
D33:  0.0200 ROUND  --     528 Draws,       0 Flashes
D34:  0.0180 ROUND  --     124 Draws,       0 Flashes
D35:  0.0670 ROUND  --       0 Draws,      62 Flashes
D36:  0.0660 ROUND  --       0 Draws,       2 Flashes
D37:  0.0600 SQUARE --       0 Draws,       6 Flashes
D44:  0.0500 SQUARE --       0 Draws,     306 Flashes
D45:  0.0600 ROUND  --       0 Draws,       4 Flashes
D53:  0.0060 ROUND  --    8083 Draws,       0 Flashes
D54:  0.0010 ROUND  --     716 Draws,       0 Flashes
D55:  0.0040 ROUND  --     291 Draws,       0 Flashes
D56:  0.0020 ROUND  --      58 Draws,       0 Flashes
D57:  0.0030 ROUND  --     938 Draws,       0 Flashes
D58:  0.0787 ROUND  --       0 Draws,      42 Flashes
D59:  0.0257 x 0.0557 RECTANGLE -----      24 Flashes
D60:  0.0080 x 0.0337 RECTANGLE -----      56 Flashes
D61:  0.0337 x 0.0080 RECTANGLE -----      96 Flashes
D64:  0.0039 ROUND  --       8 Draws,       0 Flashes
D65:  0.0118 ROUND  --      62 Draws,       0 Flashes
D66:  0.0610 SQUARE --       0 Draws,       1 Flashes
D67:  0.0340 x 0.0400 RECTANGLE -----      54 Flashes
D68:  0.0340 x 0.0500 RECTANGLE -----      27 Flashes
D69:  0.0480 x 0.0760 RECTANGLE -----       6 Flashes
D70:  0.0760 x 0.0480 RECTANGLE -----      12 Flashes
D71:  0.0620 ROUND  --       0 Draws,      25 Flashes
D72:  0.0620 SQUARE --       0 Draws,       5 Flashes
D73:  0.0750 x 0.0370 RECTANGLE -----       4 Flashes
D74:  0.0630 x 0.0260 RECTANGLE -----      20 Flashes
D75:  0.1970 x 0.3540 RECTANGLE -----       2 Flashes
D76:  0.0100 x 0.0380 RECTANGLE -----      16 Flashes
D77:  0.0700 x 0.0120 RECTANGLE -----      64 Flashes
D78:  0.0120 x 0.0700 RECTANGLE -----      64 Flashes
D79:  0.0220 x 0.0900 RECTANGLE -----      16 Flashes
D80:  0.1120 x 0.0650 RECTANGLE -----       2 Flashes
D81:  0.0170 x 0.0670 RECTANGLE -----      24 Flashes
D82:  0.1280 x 0.1100 RECTANGLE -----       2 Flashes
D83:  0.0370 x 0.1100 RECTANGLE -----       6 Flashes
D84:  0.0450 x 0.0520 RECTANGLE -----       8 Flashes
D85:  0.0300 ROUND  --    9147 Draws,       0 Flashes
D86:  0.0050 ROUND  --     692 Draws,       0 Flashes
D87:  0.0160 ROUND  --      15 Draws,       0 Flashes
D88:  0.0140 ROUND  --     172 Draws,       0 Flashes
D89:  0.0520 x 0.0240 RECTANGLE -----       6 Flashes
D90:  0.0079 ROUND  --       6 Draws,       0 Flashes
---------------------------------------------------------
 64 D-Codes      -----   25539 Draws,    2317 Flashes


No warnings or errors.
