Sun Jan 09 11:04:31 Saved as file G:\NOT COMPLETED\FYP++\SRC\LIB\UL_20-000MHZ-HC49-4H-30\XTAL_THT.MAX
Sun Jan 09 11:05:17 Saved as file G:\NOT COMPLETED\FYP++\SRC\LIB\UL_20-000MHZ-HC49-4H-30\XTAL_THT.MAX
Sun Jan 09 11:05:39 Loaded file D:\ORCAD9P2\LAYOUT_PLUS\data\template.imp
Sun Jan 09 11:05:39 Error code 5226.020 (1)
Sun Jan 09 11:06:25 Saved as file G:\NOT COMPLETED\FYP++\SRC\LIB\UL_20-000MHZ-HC49-4H-30\XTAL_THT_16MHZ.LLB
Sun Jan 09 11:07:28 Loaded file G:\NOT COMPLETED\FYP++\SRC\LIB\UL_20-000MHZ-HC49-4H-30\XTAL_THT_16MHZ.LLB
Sun Jan 09 11:07:30 Loaded file D:\ORCAD9P2\LAYOUT_PLUS\data\template.imp
Sun Jan 09 11:07:31 Loaded file G:\NOT COMPLETED\FYP++\SRC\LIB\UL_20-000MHZ-HC49-4H-30\XTAL_THT_16MHZ.LLB
Sun Jan 09 11:07:31 Loaded file G:\NOT COMPLETED\FYP++\SRC\LIB\UL_20-000MHZ-HC49-4H-30\XTAL_THT.MAX
Sun Jan 09 11:07:31 Loaded file D:\ORCAD9P2\LAYOUT_PLUS\library\BCON100T.llb
Sun Jan 09 11:07:31 Loaded file D:\ORCAD9P2\LAYOUT_PLUS\library\BCON156T.llb
Sun Jan 09 11:07:31 Loaded file D:\ORCAD9P2\LAYOUT_PLUS\library\BGA.llb
Sun Jan 09 11:07:31 Loaded file D:\ORCAD9P2\LAYOUT_PLUS\library\CLCC.llb
Sun Jan 09 11:07:31 Loaded file D:\ORCAD9P2\LAYOUT_PLUS\library\DCON050T.llb
Sun Jan 09 11:07:31 Loaded file D:\ORCAD9P2\LAYOUT_PLUS\library\DCON085T.llb
Sun Jan 09 11:07:31 Loaded file D:\ORCAD9P2\LAYOUT_PLUS\library\DIMM050F.llb
Sun Jan 09 11:07:31 Loaded file D:\ORCAD9P2\LAYOUT_PLUS\library\DIMM050T.llb
Sun Jan 09 11:07:31 Loaded file D:\ORCAD9P2\LAYOUT_PLUS\library\DIN.llb
Sun Jan 09 11:07:31 Loaded file D:\ORCAD9P2\LAYOUT_PLUS\library\DIP100B.llb
Sun Jan 09 11:07:31 Loaded file D:\ORCAD9P2\LAYOUT_PLUS\library\DIP100T.llb
Sun Jan 09 11:07:31 Loaded file D:\ORCAD9P2\LAYOUT_PLUS\library\DSUBT.llb
Sun Jan 09 11:07:31 Loaded file D:\ORCAD9P2\LAYOUT_PLUS\library\DSUBT_HD.LLB
Sun Jan 09 11:07:31 Loaded file D:\ORCAD9P2\LAYOUT_PLUS\library\ECON100T.llb
Sun Jan 09 11:07:31 Loaded file D:\ORCAD9P2\LAYOUT_PLUS\library\FBUS.llb
Sun Jan 09 11:07:31 Loaded file D:\ORCAD9P2\LAYOUT_PLUS\library\ISA.llb
Sun Jan 09 11:07:31 Loaded file D:\ORCAD9P2\LAYOUT_PLUS\library\JUMPER.LLB
Sun Jan 09 11:07:31 Loaded file D:\ORCAD9P2\LAYOUT_PLUS\library\LAYOUT.llb
Sun Jan 09 11:07:31 Loaded file D:\ORCAD9P2\LAYOUT_PLUS\library\LCON100T.llb
Sun Jan 09 11:07:31 Loaded file D:\ORCAD9P2\LAYOUT_PLUS\library\PC104.llb
Sun Jan 09 11:07:31 Loaded file D:\ORCAD9P2\LAYOUT_PLUS\library\PCI.llb
Sun Jan 09 11:07:31 Loaded file D:\ORCAD9P2\LAYOUT_PLUS\library\PCON100T.llb
Sun Jan 09 11:07:31 Loaded file D:\ORCAD9P2\LAYOUT_PLUS\library\PCON156T.llb
Sun Jan 09 11:07:31 Loaded file D:\ORCAD9P2\LAYOUT_PLUS\library\PGA.llb
Sun Jan 09 11:07:31 Loaded file D:\ORCAD9P2\LAYOUT_PLUS\library\PLCC.llb
Sun Jan 09 11:07:31 Loaded file D:\ORCAD9P2\LAYOUT_PLUS\library\QUAD.llb
Sun Jan 09 11:07:31 Loaded file D:\ORCAD9P2\LAYOUT_PLUS\library\QUADB.llb
Sun Jan 09 11:07:31 Loaded file D:\ORCAD9P2\LAYOUT_PLUS\library\RELAY.llb
Sun Jan 09 11:07:31 Loaded file D:\ORCAD9P2\LAYOUT_PLUS\library\RF.llb
Sun Jan 09 11:07:31 Loaded file D:\ORCAD9P2\LAYOUT_PLUS\library\SBUS.llb
Sun Jan 09 11:07:31 Loaded file D:\ORCAD9P2\LAYOUT_PLUS\library\SIMM050F.llb
Sun Jan 09 11:07:31 Loaded file D:\ORCAD9P2\LAYOUT_PLUS\library\SIMM050T.llb
Sun Jan 09 11:07:31 Loaded file D:\ORCAD9P2\LAYOUT_PLUS\library\SIMM100F.llb
Sun Jan 09 11:07:31 Loaded file D:\ORCAD9P2\LAYOUT_PLUS\library\SIMM100T.llb
Sun Jan 09 11:07:31 Loaded file D:\ORCAD9P2\LAYOUT_PLUS\library\SIP.llb
Sun Jan 09 11:07:31 Loaded file D:\ORCAD9P2\LAYOUT_PLUS\library\SM.llb
Sun Jan 09 11:07:31 Loaded file D:\ORCAD9P2\LAYOUT_PLUS\library\SOG.llb
Sun Jan 09 11:07:31 Loaded file D:\ORCAD9P2\LAYOUT_PLUS\library\SOJ.llb
Sun Jan 09 11:07:31 Loaded file D:\ORCAD9P2\LAYOUT_PLUS\library\STIFF.llb
Sun Jan 09 11:07:31 Loaded file D:\ORCAD9P2\LAYOUT_PLUS\library\TELE.llb
Sun Jan 09 11:07:31 Loaded file D:\ORCAD9P2\LAYOUT_PLUS\library\TM_AXIAL.llb
Sun Jan 09 11:07:31 Loaded file D:\ORCAD9P2\LAYOUT_PLUS\library\TM_CAP_P.llb
Sun Jan 09 11:07:31 Loaded file D:\ORCAD9P2\LAYOUT_PLUS\library\TM_CYLND.llb
Sun Jan 09 11:07:31 Loaded file D:\ORCAD9P2\LAYOUT_PLUS\library\TM_DIODE.llb
Sun Jan 09 11:07:31 Loaded file D:\ORCAD9P2\LAYOUT_PLUS\library\TM_DISC.llb
Sun Jan 09 11:07:31 Loaded file D:\ORCAD9P2\LAYOUT_PLUS\library\TM_RAD.llb
Sun Jan 09 11:07:31 Loaded file D:\ORCAD9P2\LAYOUT_PLUS\library\TO.llb
Sun Jan 09 11:07:31 Loaded file D:\ORCAD9P2\LAYOUT_PLUS\library\TRAINING.LLB
Sun Jan 09 11:07:31 Loaded file D:\ORCAD9P2\LAYOUT_PLUS\library\VRES.llb
Sun Jan 09 11:07:31 Loaded file D:\ORCAD9P2\LAYOUT_PLUS\library\WCON100T.llb
Sun Jan 09 11:07:31 Loaded file D:\ORCAD9P2\LAYOUT_PLUS\library\XT.llb
Sun Jan 09 11:07:31 Loaded file D:\ORCAD9P2\LAYOUT_PLUS\library\ZIGZAG.llb
Sun Jan 09 11:07:31 Loaded file G:\NOT COMPLETED\FYP++\SRC\LIB\UL_20-000MHZ-HC49-4H-30\XTAL_THT_16MHZ.LLB
Sun Jan 09 11:07:31 Footprint coords will be rounded to nearest base unit.
Sun Jan 09 11:07:31 Footprint coords will be rounded to nearest base unit.
Sun Jan 09 11:07:31 Footprint coords will be rounded to nearest base unit.
Sun Jan 09 11:07:31 Footprint coords will be rounded to nearest base unit.
Sun Jan 09 11:07:31 Footprint coords will be rounded to nearest base unit.
Sun Jan 09 11:07:31 Footprint coords will be rounded to nearest base unit.
Sun Jan 09 11:07:31 Footprint coords will be rounded to nearest base unit.
Sun Jan 09 11:07:31 Footprint coords will be rounded to nearest base unit.
Sun Jan 09 11:07:31 Footprint coords will be rounded to nearest base unit.
Sun Jan 09 11:07:31 Footprint coords will be rounded to nearest base unit.
Sun Jan 09 11:07:31 Footprint coords will be rounded to nearest base unit.
Sun Jan 09 11:07:31 Footprint coords will be rounded to nearest base unit.
Sun Jan 09 11:07:31 Footprint coords will be rounded to nearest base unit.
Sun Jan 09 11:07:31 Footprint coords will be rounded to nearest base unit.
Sun Jan 09 11:07:31 Footprint coords will be rounded to nearest base unit.
Sun Jan 09 11:07:31 Footprint coords will be rounded to nearest base unit.
Sun Jan 09 11:07:31 Footprint coords will be rounded to nearest base unit.
Sun Jan 09 11:07:31 Footprint coords will be rounded to nearest base unit.
Sun Jan 09 11:07:31 Footprint coords will be rounded to nearest base unit.
Sun Jan 09 11:08:27 Loaded file D:\ORCAD9P2\LAYOUT_PLUS\data\template.imp
Sun Jan 09 11:08:27 Loaded file D:\ORCAD9P2\LAYOUT_PLUS\data\template.imp
Sun Jan 09 11:08:32 Loaded file D:\ORCAD9P2\LAYOUT_PLUS\library\TM_RAD.llb
Sun Jan 09 11:08:33 Loaded file D:\ORCAD9P2\LAYOUT_PLUS\data\template.imp
Sun Jan 09 11:08:34 Loaded file D:\ORCAD9P2\LAYOUT_PLUS\data\template.imp
Sun Jan 09 11:08:34 Loaded file D:\ORCAD9P2\LAYOUT_PLUS\data\template.imp
Sun Jan 09 11:08:35 Loaded file D:\ORCAD9P2\LAYOUT_PLUS\data\template.imp
Sun Jan 09 11:08:35 Loaded file D:\ORCAD9P2\LAYOUT_PLUS\data\template.imp
Sun Jan 09 11:08:36 Loaded file D:\ORCAD9P2\LAYOUT_PLUS\data\template.imp
Sun Jan 09 11:08:36 Loaded file D:\ORCAD9P2\LAYOUT_PLUS\data\template.imp
Sun Jan 09 11:08:36 Loaded file D:\ORCAD9P2\LAYOUT_PLUS\data\template.imp
Sun Jan 09 11:08:36 Loaded file D:\ORCAD9P2\LAYOUT_PLUS\data\template.imp
Sun Jan 09 11:08:36 Loaded file D:\ORCAD9P2\LAYOUT_PLUS\data\template.imp
Sun Jan 09 11:08:36 Loaded file D:\ORCAD9P2\LAYOUT_PLUS\data\template.imp
Sun Jan 09 11:08:36 Loaded file D:\ORCAD9P2\LAYOUT_PLUS\data\template.imp
Sun Jan 09 11:08:37 Loaded file D:\ORCAD9P2\LAYOUT_PLUS\data\template.imp
Sun Jan 09 11:08:37 Loaded file D:\ORCAD9P2\LAYOUT_PLUS\data\template.imp
Sun Jan 09 11:08:37 Loaded file D:\ORCAD9P2\LAYOUT_PLUS\data\template.imp
Sun Jan 09 11:08:37 Loaded file D:\ORCAD9P2\LAYOUT_PLUS\data\template.imp
Sun Jan 09 11:08:37 Loaded file D:\ORCAD9P2\LAYOUT_PLUS\data\template.imp
Sun Jan 09 11:08:37 Loaded file D:\ORCAD9P2\LAYOUT_PLUS\data\template.imp
Sun Jan 09 11:08:37 Loaded file D:\ORCAD9P2\LAYOUT_PLUS\data\template.imp
Sun Jan 09 11:08:37 Loaded file D:\ORCAD9P2\LAYOUT_PLUS\data\template.imp
Sun Jan 09 11:08:37 Loaded file D:\ORCAD9P2\LAYOUT_PLUS\data\template.imp
Sun Jan 09 11:08:37 Loaded file D:\ORCAD9P2\LAYOUT_PLUS\data\template.imp
Sun Jan 09 11:08:37 Loaded file D:\ORCAD9P2\LAYOUT_PLUS\data\template.imp
Sun Jan 09 11:08:37 Loaded file D:\ORCAD9P2\LAYOUT_PLUS\data\template.imp
Sun Jan 09 11:08:37 Loaded file D:\ORCAD9P2\LAYOUT_PLUS\data\template.imp
Sun Jan 09 11:08:37 Loaded file D:\ORCAD9P2\LAYOUT_PLUS\data\template.imp
Sun Jan 09 11:08:37 Loaded file D:\ORCAD9P2\LAYOUT_PLUS\data\template.imp
Sun Jan 09 11:08:37 Loaded file D:\ORCAD9P2\LAYOUT_PLUS\data\template.imp
Sun Jan 09 11:08:37 Loaded file D:\ORCAD9P2\LAYOUT_PLUS\data\template.imp
Sun Jan 09 11:08:37 Loaded file D:\ORCAD9P2\LAYOUT_PLUS\data\template.imp
Sun Jan 09 11:08:37 Loaded file D:\ORCAD9P2\LAYOUT_PLUS\data\template.imp
Sun Jan 09 11:08:37 Loaded file D:\ORCAD9P2\LAYOUT_PLUS\data\template.imp
Sun Jan 09 11:08:37 Loaded file D:\ORCAD9P2\LAYOUT_PLUS\data\template.imp
Sun Jan 09 11:08:38 Loaded file D:\ORCAD9P2\LAYOUT_PLUS\data\template.imp
Sun Jan 09 11:08:38 Loaded file D:\ORCAD9P2\LAYOUT_PLUS\data\template.imp
Sun Jan 09 11:08:38 Loaded file D:\ORCAD9P2\LAYOUT_PLUS\data\template.imp
Sun Jan 09 11:08:38 Loaded file D:\ORCAD9P2\LAYOUT_PLUS\data\template.imp
Sun Jan 09 11:08:38 Loaded file D:\ORCAD9P2\LAYOUT_PLUS\data\template.imp
Sun Jan 09 11:08:38 Loaded file D:\ORCAD9P2\LAYOUT_PLUS\data\template.imp
Sun Jan 09 11:08:38 Loaded file D:\ORCAD9P2\LAYOUT_PLUS\data\template.imp
Sun Jan 09 11:08:38 Loaded file D:\ORCAD9P2\LAYOUT_PLUS\data\template.imp
Sun Jan 09 11:08:38 Loaded file D:\ORCAD9P2\LAYOUT_PLUS\data\template.imp
Sun Jan 09 11:08:38 Loaded file D:\ORCAD9P2\LAYOUT_PLUS\data\template.imp
Sun Jan 09 11:08:38 Loaded file D:\ORCAD9P2\LAYOUT_PLUS\data\template.imp
Sun Jan 09 11:08:38 Loaded file D:\ORCAD9P2\LAYOUT_PLUS\data\template.imp
Sun Jan 09 11:08:38 Loaded file D:\ORCAD9P2\LAYOUT_PLUS\data\template.imp
Sun Jan 09 11:08:38 Loaded file D:\ORCAD9P2\LAYOUT_PLUS\data\template.imp
Sun Jan 09 11:08:38 Loaded file D:\ORCAD9P2\LAYOUT_PLUS\data\template.imp
Sun Jan 09 11:08:38 Loaded file D:\ORCAD9P2\LAYOUT_PLUS\data\template.imp
Sun Jan 09 11:08:38 Loaded file D:\ORCAD9P2\LAYOUT_PLUS\data\template.imp
Sun Jan 09 11:08:38 Loaded file D:\ORCAD9P2\LAYOUT_PLUS\data\template.imp
Sun Jan 09 11:08:38 Loaded file D:\ORCAD9P2\LAYOUT_PLUS\data\template.imp
Sun Jan 09 11:08:38 Loaded file D:\ORCAD9P2\LAYOUT_PLUS\data\template.imp
Sun Jan 09 11:08:38 Loaded file D:\ORCAD9P2\LAYOUT_PLUS\data\template.imp
Sun Jan 09 11:08:38 Loaded file D:\ORCAD9P2\LAYOUT_PLUS\data\template.imp
Sun Jan 09 11:08:38 Loaded file D:\ORCAD9P2\LAYOUT_PLUS\data\template.imp
Sun Jan 09 11:08:38 Loaded file D:\ORCAD9P2\LAYOUT_PLUS\data\template.imp
Sun Jan 09 11:08:38 Loaded file D:\ORCAD9P2\LAYOUT_PLUS\data\template.imp
Sun Jan 09 11:08:38 Loaded file D:\ORCAD9P2\LAYOUT_PLUS\data\template.imp
Sun Jan 09 11:08:38 Loaded file D:\ORCAD9P2\LAYOUT_PLUS\data\template.imp
Sun Jan 09 11:08:38 Loaded file D:\ORCAD9P2\LAYOUT_PLUS\data\template.imp
Sun Jan 09 11:08:38 Loaded file D:\ORCAD9P2\LAYOUT_PLUS\data\template.imp
Sun Jan 09 11:08:38 Loaded file D:\ORCAD9P2\LAYOUT_PLUS\data\template.imp
Sun Jan 09 11:08:39 Loaded file D:\ORCAD9P2\LAYOUT_PLUS\data\template.imp
Sun Jan 09 11:08:39 Loaded file D:\ORCAD9P2\LAYOUT_PLUS\data\template.imp
Sun Jan 09 11:08:39 Loaded file D:\ORCAD9P2\LAYOUT_PLUS\data\template.imp
Sun Jan 09 11:08:39 Loaded file D:\ORCAD9P2\LAYOUT_PLUS\data\template.imp
Sun Jan 09 11:08:39 Loaded file D:\ORCAD9P2\LAYOUT_PLUS\data\template.imp
Sun Jan 09 11:08:39 Loaded file D:\ORCAD9P2\LAYOUT_PLUS\data\template.imp
Sun Jan 09 11:08:39 Loaded file D:\ORCAD9P2\LAYOUT_PLUS\data\template.imp
Sun Jan 09 11:08:39 Loaded file D:\ORCAD9P2\LAYOUT_PLUS\data\template.imp
Sun Jan 09 11:08:39 Loaded file D:\ORCAD9P2\LAYOUT_PLUS\data\template.imp
Sun Jan 09 11:08:39 Loaded file D:\ORCAD9P2\LAYOUT_PLUS\data\template.imp
Sun Jan 09 11:08:39 Loaded file D:\ORCAD9P2\LAYOUT_PLUS\data\template.imp
Sun Jan 09 11:08:39 Loaded file D:\ORCAD9P2\LAYOUT_PLUS\data\template.imp
Sun Jan 09 11:08:39 Loaded file D:\ORCAD9P2\LAYOUT_PLUS\data\template.imp
Sun Jan 09 11:08:39 Loaded file D:\ORCAD9P2\LAYOUT_PLUS\data\template.imp
Sun Jan 09 11:08:39 Loaded file D:\ORCAD9P2\LAYOUT_PLUS\data\template.imp
Sun Jan 09 11:08:39 Loaded file D:\ORCAD9P2\LAYOUT_PLUS\data\template.imp
Sun Jan 09 11:08:39 Loaded file D:\ORCAD9P2\LAYOUT_PLUS\data\template.imp
Sun Jan 09 11:08:39 Loaded file D:\ORCAD9P2\LAYOUT_PLUS\data\template.imp
Sun Jan 09 11:08:39 Loaded file D:\ORCAD9P2\LAYOUT_PLUS\data\template.imp
Sun Jan 09 11:08:39 Loaded file D:\ORCAD9P2\LAYOUT_PLUS\data\template.imp
Sun Jan 09 11:08:39 Loaded file D:\ORCAD9P2\LAYOUT_PLUS\data\template.imp
Sun Jan 09 11:08:39 Loaded file D:\ORCAD9P2\LAYOUT_PLUS\data\template.imp
Sun Jan 09 11:08:39 Loaded file D:\ORCAD9P2\LAYOUT_PLUS\data\template.imp
Sun Jan 09 11:08:39 Loaded file D:\ORCAD9P2\LAYOUT_PLUS\data\template.imp
Sun Jan 09 11:08:39 Loaded file D:\ORCAD9P2\LAYOUT_PLUS\data\template.imp
Sun Jan 09 11:08:39 Loaded file D:\ORCAD9P2\LAYOUT_PLUS\data\template.imp
Sun Jan 09 11:08:39 Loaded file D:\ORCAD9P2\LAYOUT_PLUS\data\template.imp
Sun Jan 09 11:08:39 Loaded file D:\ORCAD9P2\LAYOUT_PLUS\data\template.imp
Sun Jan 09 11:08:39 Loaded file D:\ORCAD9P2\LAYOUT_PLUS\data\template.imp
Sun Jan 09 11:08:39 Loaded file D:\ORCAD9P2\LAYOUT_PLUS\data\template.imp
Sun Jan 09 11:08:39 Loaded file D:\ORCAD9P2\LAYOUT_PLUS\data\template.imp
Sun Jan 09 11:08:40 Loaded file D:\ORCAD9P2\LAYOUT_PLUS\data\template.imp
Sun Jan 09 11:08:40 Loaded file D:\ORCAD9P2\LAYOUT_PLUS\data\template.imp
Sun Jan 09 11:08:44 Loaded file D:\ORCAD9P2\LAYOUT_PLUS\library\TM_CYLND.llb
Sun Jan 09 11:08:45 Loaded file D:\ORCAD9P2\LAYOUT_PLUS\data\template.imp
Sun Jan 09 11:08:47 Loaded file D:\ORCAD9P2\LAYOUT_PLUS\data\template.imp
Sun Jan 09 11:08:48 Loaded file D:\ORCAD9P2\LAYOUT_PLUS\data\template.imp
Sun Jan 09 11:08:48 Loaded file D:\ORCAD9P2\LAYOUT_PLUS\data\template.imp
Sun Jan 09 11:08:48 Loaded file D:\ORCAD9P2\LAYOUT_PLUS\data\template.imp
Sun Jan 09 11:08:48 Loaded file D:\ORCAD9P2\LAYOUT_PLUS\data\template.imp
Sun Jan 09 11:08:48 Loaded file D:\ORCAD9P2\LAYOUT_PLUS\data\template.imp
Sun Jan 09 11:08:48 Loaded file D:\ORCAD9P2\LAYOUT_PLUS\data\template.imp
Sun Jan 09 11:08:48 Loaded file D:\ORCAD9P2\LAYOUT_PLUS\data\template.imp
Sun Jan 09 11:08:48 Loaded file D:\ORCAD9P2\LAYOUT_PLUS\data\template.imp
Sun Jan 09 11:08:48 Loaded file D:\ORCAD9P2\LAYOUT_PLUS\data\template.imp
Sun Jan 09 11:08:48 Loaded file D:\ORCAD9P2\LAYOUT_PLUS\data\template.imp
Sun Jan 09 11:08:48 Loaded file D:\ORCAD9P2\LAYOUT_PLUS\data\template.imp
Sun Jan 09 11:08:48 Loaded file D:\ORCAD9P2\LAYOUT_PLUS\data\template.imp
Sun Jan 09 11:08:48 Loaded file D:\ORCAD9P2\LAYOUT_PLUS\data\template.imp
Sun Jan 09 11:08:48 Loaded file D:\ORCAD9P2\LAYOUT_PLUS\data\template.imp
Sun Jan 09 11:08:48 Loaded file D:\ORCAD9P2\LAYOUT_PLUS\data\template.imp
Sun Jan 09 11:08:48 Loaded file D:\ORCAD9P2\LAYOUT_PLUS\data\template.imp
Sun Jan 09 11:08:49 Loaded file D:\ORCAD9P2\LAYOUT_PLUS\data\template.imp
Sun Jan 09 11:08:49 Loaded file D:\ORCAD9P2\LAYOUT_PLUS\data\template.imp
Sun Jan 09 11:08:49 Loaded file D:\ORCAD9P2\LAYOUT_PLUS\data\template.imp
Sun Jan 09 11:08:49 Loaded file D:\ORCAD9P2\LAYOUT_PLUS\data\template.imp
Sun Jan 09 11:08:49 Loaded file D:\ORCAD9P2\LAYOUT_PLUS\data\template.imp
Sun Jan 09 11:08:49 Loaded file D:\ORCAD9P2\LAYOUT_PLUS\data\template.imp
Sun Jan 09 11:08:49 Loaded file D:\ORCAD9P2\LAYOUT_PLUS\data\template.imp
Sun Jan 09 11:08:49 Loaded file D:\ORCAD9P2\LAYOUT_PLUS\data\template.imp
Sun Jan 09 11:08:51 Loaded file D:\ORCAD9P2\LAYOUT_PLUS\data\template.imp
Sun Jan 09 11:08:51 Loaded file D:\ORCAD9P2\LAYOUT_PLUS\data\template.imp
Sun Jan 09 11:08:51 Loaded file D:\ORCAD9P2\LAYOUT_PLUS\data\template.imp
Sun Jan 09 11:08:51 Loaded file D:\ORCAD9P2\LAYOUT_PLUS\data\template.imp
Sun Jan 09 11:08:51 Loaded file D:\ORCAD9P2\LAYOUT_PLUS\data\template.imp
Sun Jan 09 11:08:51 Loaded file D:\ORCAD9P2\LAYOUT_PLUS\data\template.imp
Sun Jan 09 11:08:55 Loaded file D:\ORCAD9P2\LAYOUT_PLUS\data\template.imp
Sun Jan 09 11:08:55 Loaded file D:\ORCAD9P2\LAYOUT_PLUS\data\template.imp
Sun Jan 09 11:08:55 Loaded file D:\ORCAD9P2\LAYOUT_PLUS\data\template.imp
Sun Jan 09 11:08:55 Loaded file D:\ORCAD9P2\LAYOUT_PLUS\data\template.imp
Sun Jan 09 11:08:56 Loaded file D:\ORCAD9P2\LAYOUT_PLUS\data\template.imp
Sun Jan 09 11:08:56 Loaded file D:\ORCAD9P2\LAYOUT_PLUS\data\template.imp
Sun Jan 09 11:08:56 Loaded file D:\ORCAD9P2\LAYOUT_PLUS\data\template.imp
Sun Jan 09 11:08:56 Loaded file D:\ORCAD9P2\LAYOUT_PLUS\data\template.imp
Sun Jan 09 11:08:56 Loaded file D:\ORCAD9P2\LAYOUT_PLUS\data\template.imp
Sun Jan 09 11:08:56 Loaded file D:\ORCAD9P2\LAYOUT_PLUS\data\template.imp
Sun Jan 09 11:08:57 Loaded file D:\ORCAD9P2\LAYOUT_PLUS\data\template.imp
Sun Jan 09 11:08:57 Loaded file D:\ORCAD9P2\LAYOUT_PLUS\data\template.imp
Sun Jan 09 11:08:57 Loaded file D:\ORCAD9P2\LAYOUT_PLUS\data\template.imp
Sun Jan 09 11:08:57 Loaded file D:\ORCAD9P2\LAYOUT_PLUS\data\template.imp
Sun Jan 09 11:08:57 Loaded file D:\ORCAD9P2\LAYOUT_PLUS\data\template.imp
Sun Jan 09 11:08:57 Loaded file D:\ORCAD9P2\LAYOUT_PLUS\data\template.imp
Sun Jan 09 11:08:57 Loaded file D:\ORCAD9P2\LAYOUT_PLUS\data\template.imp
Sun Jan 09 11:08:57 Loaded file D:\ORCAD9P2\LAYOUT_PLUS\data\template.imp
Sun Jan 09 11:08:58 Loaded file D:\ORCAD9P2\LAYOUT_PLUS\data\template.imp
Sun Jan 09 11:08:58 Loaded file D:\ORCAD9P2\LAYOUT_PLUS\data\template.imp
Sun Jan 09 11:08:58 Loaded file D:\ORCAD9P2\LAYOUT_PLUS\data\template.imp
Sun Jan 09 11:08:58 Loaded file D:\ORCAD9P2\LAYOUT_PLUS\data\template.imp
Sun Jan 09 11:08:58 Loaded file D:\ORCAD9P2\LAYOUT_PLUS\data\template.imp
Sun Jan 09 11:08:58 Loaded file D:\ORCAD9P2\LAYOUT_PLUS\data\template.imp
Sun Jan 09 11:08:58 Loaded file D:\ORCAD9P2\LAYOUT_PLUS\data\template.imp
Sun Jan 09 11:08:58 Loaded file D:\ORCAD9P2\LAYOUT_PLUS\data\template.imp
Sun Jan 09 11:08:59 Loaded file D:\ORCAD9P2\LAYOUT_PLUS\data\template.imp
Sun Jan 09 11:08:59 Loaded file D:\ORCAD9P2\LAYOUT_PLUS\data\template.imp
Sun Jan 09 11:08:59 Loaded file D:\ORCAD9P2\LAYOUT_PLUS\data\template.imp
Sun Jan 09 11:08:59 Loaded file D:\ORCAD9P2\LAYOUT_PLUS\data\template.imp
Sun Jan 09 11:08:59 Loaded file D:\ORCAD9P2\LAYOUT_PLUS\data\template.imp
Sun Jan 09 11:08:59 Loaded file D:\ORCAD9P2\LAYOUT_PLUS\data\template.imp
Sun Jan 09 11:08:59 Loaded file D:\ORCAD9P2\LAYOUT_PLUS\data\template.imp
Sun Jan 09 11:08:59 Loaded file D:\ORCAD9P2\LAYOUT_PLUS\data\template.imp
Sun Jan 09 11:08:59 Loaded file D:\ORCAD9P2\LAYOUT_PLUS\data\template.imp
Sun Jan 09 11:08:59 Loaded file D:\ORCAD9P2\LAYOUT_PLUS\data\template.imp
Sun Jan 09 11:08:59 Loaded file D:\ORCAD9P2\LAYOUT_PLUS\data\template.imp
Sun Jan 09 11:08:59 Loaded file D:\ORCAD9P2\LAYOUT_PLUS\data\template.imp
Sun Jan 09 11:08:59 Loaded file D:\ORCAD9P2\LAYOUT_PLUS\data\template.imp
Sun Jan 09 11:08:59 Loaded file D:\ORCAD9P2\LAYOUT_PLUS\data\template.imp
Sun Jan 09 11:08:59 Loaded file D:\ORCAD9P2\LAYOUT_PLUS\data\template.imp
Sun Jan 09 11:09:00 Loaded file D:\ORCAD9P2\LAYOUT_PLUS\data\template.imp
Sun Jan 09 11:09:00 Loaded file D:\ORCAD9P2\LAYOUT_PLUS\data\template.imp
Sun Jan 09 11:09:00 Loaded file D:\ORCAD9P2\LAYOUT_PLUS\data\template.imp
Sun Jan 09 11:09:00 Loaded file D:\ORCAD9P2\LAYOUT_PLUS\data\template.imp
Sun Jan 09 11:09:00 Loaded file D:\ORCAD9P2\LAYOUT_PLUS\data\template.imp
Sun Jan 09 11:09:00 Loaded file D:\ORCAD9P2\LAYOUT_PLUS\data\template.imp
Sun Jan 09 11:09:00 Loaded file D:\ORCAD9P2\LAYOUT_PLUS\data\template.imp
Sun Jan 09 11:09:00 Loaded file D:\ORCAD9P2\LAYOUT_PLUS\data\template.imp
Sun Jan 09 11:09:00 Loaded file D:\ORCAD9P2\LAYOUT_PLUS\data\template.imp
Sun Jan 09 11:09:00 Loaded file D:\ORCAD9P2\LAYOUT_PLUS\data\template.imp
Sun Jan 09 11:09:01 Loaded file D:\ORCAD9P2\LAYOUT_PLUS\data\template.imp
Sun Jan 09 11:09:01 Loaded file D:\ORCAD9P2\LAYOUT_PLUS\data\template.imp
Sun Jan 09 11:09:01 Loaded file D:\ORCAD9P2\LAYOUT_PLUS\data\template.imp
Sun Jan 09 11:09:01 Loaded file D:\ORCAD9P2\LAYOUT_PLUS\data\template.imp
Sun Jan 09 11:09:01 Loaded file D:\ORCAD9P2\LAYOUT_PLUS\data\template.imp
Sun Jan 09 11:09:02 Loaded file D:\ORCAD9P2\LAYOUT_PLUS\data\template.imp
Sun Jan 09 11:09:03 Loaded file D:\ORCAD9P2\LAYOUT_PLUS\data\template.imp
Sun Jan 09 11:09:03 Loaded file D:\ORCAD9P2\LAYOUT_PLUS\data\template.imp
Sun Jan 09 11:09:03 Loaded file D:\ORCAD9P2\LAYOUT_PLUS\data\template.imp
Sun Jan 09 11:09:03 Loaded file D:\ORCAD9P2\LAYOUT_PLUS\data\template.imp
Sun Jan 09 11:09:03 Loaded file D:\ORCAD9P2\LAYOUT_PLUS\data\template.imp
Sun Jan 09 11:09:03 Loaded file D:\ORCAD9P2\LAYOUT_PLUS\data\template.imp
Sun Jan 09 11:09:03 Loaded file D:\ORCAD9P2\LAYOUT_PLUS\data\template.imp
Sun Jan 09 11:09:03 Loaded file D:\ORCAD9P2\LAYOUT_PLUS\data\template.imp
Sun Jan 09 11:09:05 Loaded file D:\ORCAD9P2\LAYOUT_PLUS\data\template.imp
Sun Jan 09 11:09:06 Loaded file D:\ORCAD9P2\LAYOUT_PLUS\data\template.imp
Sun Jan 09 11:09:06 Loaded file D:\ORCAD9P2\LAYOUT_PLUS\data\template.imp
Sun Jan 09 11:09:06 Loaded file D:\ORCAD9P2\LAYOUT_PLUS\data\template.imp
Sun Jan 09 11:09:06 Loaded file D:\ORCAD9P2\LAYOUT_PLUS\data\template.imp
Sun Jan 09 11:09:06 Loaded file D:\ORCAD9P2\LAYOUT_PLUS\data\template.imp
Sun Jan 09 11:09:07 Loaded file D:\ORCAD9P2\LAYOUT_PLUS\library\TM_CYLND.llb
Sun Jan 09 11:09:07 Footprint coords will be rounded to nearest base unit.
Sun Jan 09 11:09:07 Footprint coords will be rounded to nearest base unit.
Sun Jan 09 11:09:07 Footprint coords will be rounded to nearest base unit.
Sun Jan 09 11:09:07 Footprint coords will be rounded to nearest base unit.
Sun Jan 09 11:09:07 Footprint coords will be rounded to nearest base unit.
Sun Jan 09 11:09:07 Footprint coords will be rounded to nearest base unit.
Sun Jan 09 11:09:07 Footprint coords will be rounded to nearest base unit.
Sun Jan 09 11:09:07 Footprint coords will be rounded to nearest base unit.
Sun Jan 09 11:09:07 Footprint coords will be rounded to nearest base unit.
Sun Jan 09 11:09:07 Footprint coords will be rounded to nearest base unit.
Sun Jan 09 11:09:33 Loaded file D:\ORCAD9P2\LAYOUT_PLUS\data\template.imp
Sun Jan 09 11:09:33 Loaded file D:\ORCAD9P2\LAYOUT_PLUS\data\template.imp
Sun Jan 09 11:09:45 Loaded file D:\ORCAD9P2\LAYOUT_PLUS\library\LAYOUT.llb
Sun Jan 09 11:09:46 Loaded file D:\ORCAD9P2\LAYOUT_PLUS\data\template.imp
Sun Jan 09 11:09:47 Loaded file D:\ORCAD9P2\LAYOUT_PLUS\data\template.imp
Sun Jan 09 11:09:50 Loaded file D:\ORCAD9P2\LAYOUT_PLUS\data\template.imp
Sun Jan 09 11:09:51 Loaded file D:\ORCAD9P2\LAYOUT_PLUS\data\template.imp
Sun Jan 09 11:09:52 Loaded file D:\ORCAD9P2\LAYOUT_PLUS\data\template.imp
Sun Jan 09 11:09:52 Loaded file D:\ORCAD9P2\LAYOUT_PLUS\data\template.imp
Sun Jan 09 11:09:54 Loaded file D:\ORCAD9P2\LAYOUT_PLUS\data\template.imp
Sun Jan 09 11:09:55 Loaded file D:\ORCAD9P2\LAYOUT_PLUS\data\template.imp
Sun Jan 09 11:09:55 Loaded file D:\ORCAD9P2\LAYOUT_PLUS\data\template.imp
Sun Jan 09 11:09:57 Loaded file D:\ORCAD9P2\LAYOUT_PLUS\data\template.imp
Sun Jan 09 11:09:57 Loaded file D:\ORCAD9P2\LAYOUT_PLUS\data\template.imp
Sun Jan 09 11:09:58 Loaded file D:\ORCAD9P2\LAYOUT_PLUS\data\template.imp
Sun Jan 09 11:10:00 Loaded file D:\ORCAD9P2\LAYOUT_PLUS\data\template.imp
Sun Jan 09 11:10:00 Loaded file D:\ORCAD9P2\LAYOUT_PLUS\data\template.imp
Sun Jan 09 11:10:01 Loaded file D:\ORCAD9P2\LAYOUT_PLUS\data\template.imp
Sun Jan 09 11:10:01 Loaded file D:\ORCAD9P2\LAYOUT_PLUS\data\template.imp
Sun Jan 09 11:10:02 Loaded file D:\ORCAD9P2\LAYOUT_PLUS\data\template.imp
Sun Jan 09 11:10:02 Loaded file D:\ORCAD9P2\LAYOUT_PLUS\data\template.imp
Sun Jan 09 11:10:02 Loaded file D:\ORCAD9P2\LAYOUT_PLUS\data\template.imp
Sun Jan 09 11:10:03 Loaded file D:\ORCAD9P2\LAYOUT_PLUS\data\template.imp
Sun Jan 09 11:10:03 Loaded file D:\ORCAD9P2\LAYOUT_PLUS\data\template.imp
Sun Jan 09 11:10:03 Loaded file D:\ORCAD9P2\LAYOUT_PLUS\data\template.imp
Sun Jan 09 11:10:04 Loaded file D:\ORCAD9P2\LAYOUT_PLUS\data\template.imp
Sun Jan 09 11:10:04 Loaded file D:\ORCAD9P2\LAYOUT_PLUS\data\template.imp
Sun Jan 09 11:10:05 Loaded file D:\ORCAD9P2\LAYOUT_PLUS\data\template.imp
Sun Jan 09 11:10:05 Loaded file D:\ORCAD9P2\LAYOUT_PLUS\data\template.imp
Sun Jan 09 11:10:06 Loaded file D:\ORCAD9P2\LAYOUT_PLUS\data\template.imp
Sun Jan 09 11:10:06 Loaded file D:\ORCAD9P2\LAYOUT_PLUS\data\template.imp
Sun Jan 09 11:10:06 Loaded file D:\ORCAD9P2\LAYOUT_PLUS\data\template.imp
Sun Jan 09 11:10:06 Loaded file D:\ORCAD9P2\LAYOUT_PLUS\data\template.imp
Sun Jan 09 11:10:06 Loaded file D:\ORCAD9P2\LAYOUT_PLUS\data\template.imp
Sun Jan 09 11:10:07 Loaded file D:\ORCAD9P2\LAYOUT_PLUS\data\template.imp
Sun Jan 09 11:10:07 Loaded file D:\ORCAD9P2\LAYOUT_PLUS\data\template.imp
Sun Jan 09 11:10:07 Loaded file D:\ORCAD9P2\LAYOUT_PLUS\data\template.imp
Sun Jan 09 11:10:08 Loaded file D:\ORCAD9P2\LAYOUT_PLUS\data\template.imp
Sun Jan 09 11:10:09 Loaded file D:\ORCAD9P2\LAYOUT_PLUS\library\LAYOUT.llb
Sun Jan 09 11:10:09 Footprint coords will be rounded to nearest base unit.
Sun Jan 09 11:10:09 Footprint coords will be rounded to nearest base unit.
Sun Jan 09 11:10:09 Footprint coords will be rounded to nearest base unit.
Sun Jan 09 11:10:09 Footprint coords will be rounded to nearest base unit.
Sun Jan 09 11:10:09 Footprint coords will be rounded to nearest base unit.
Sun Jan 09 11:10:09 Footprint coords will be rounded to nearest base unit.
Sun Jan 09 11:10:09 Footprint coords will be rounded to nearest base unit.
Sun Jan 09 11:10:09 Footprint coords will be rounded to nearest base unit.
Sun Jan 09 11:10:09 Footprint coords will be rounded to nearest base unit.
Sun Jan 09 12:04:04 Loaded file D:\ORCAD9P2\LAYOUT_PLUS\data\template.imp
Sun Jan 09 12:04:04 Loaded file D:\ORCAD9P2\LAYOUT_PLUS\data\template.imp
